<?xml version="1.0" encoding="UTF-8"?>
<testsuites name="Regression Test Website" time="270.074" tests="9" failures="3" errors="0">
   <testsuite name="Regression Test Website" tests="9" failures="3" errors="0" time="270.074" skipped="0" timestamp="2022-11-05 19:33:41" hostname="iputu - Usop17" id="Test Suites/Regression Test Website">
      <properties>
         <property name="deviceName" value=""/>
         <property name="devicePlatform" value=""/>
         <property name="logFolder" value="C:\\Users\\iputu\\Katalon Studio\\Mini project\\Reports\\20221105_193332\\Regression Test Website\\20221105_193332"/>
         <property name="logFiles" value="C:\\Users\\iputu\\Katalon Studio\\Mini project\\Reports\\20221105_193332\\Regression Test Website\\20221105_193332\\execution0.log"/>
         <property name="attachments" value="C:\\Users\\iputu\\Katalon Studio\\Mini project\\Reports\\20221105_193332\\Regression Test Website\\20221105_193332\\1667648062207.png, C:\\Users\\iputu\\Katalon Studio\\Mini project\\Reports\\20221105_193332\\Regression Test Website\\20221105_193332\\1667648124553.png, C:\\Users\\iputu\\Katalon Studio\\Mini project\\Reports\\20221105_193332\\Regression Test Website\\20221105_193332\\1667648178147.png"/>
         <property name="hostName" value="iputu - Usop17"/>
         <property name="os" value="Windows 10 64bit"/>
         <property name="katalonVersion" value="8.3.0.208"/>
         <property name="browser" value="Chrome 107.0.0.0"/>
         <property name="hostAddress" value="192.168.1.10"/>
         <property name="sessionId" value="68c1c654041e86062ebf90eb0e6ee1e8"/>
         <property name="seleniumVersion" value="3.141.59"/>
         <property name="proxyInformation" value="ProxyInformation { proxyOption=NO_PROXY, proxyServerType=HTTP, username=, password=********, proxyServerAddress=, proxyServerPort=0, executionList=&quot;&quot;, isApplyToDesiredCapabilities=true }"/>
         <property name="platform" value="Windows 10"/>
      </properties>
      <testcase name="Test Cases/Website/Auth/TC001_Create Account" time="40.772" classname="Test Cases/Website/Auth/TC001_Create Account" status="FAILED">
         <failure type="FAILED" message="Test Cases/Website/Auth/TC001_Create Account FAILED.
Reason:
com.kms.katalon.core.exception.StepFailedException: Unable to set text 'Test Delapan' of object 'Object Repository/Website/Auth/Object - Create Account/input_Nama Lengkap_input-1483'
	at com.kms.katalon.core.webui.keyword.internal.WebUIKeywordMain.stepFailed(WebUIKeywordMain.groovy:64)
	at com.kms.katalon.core.webui.keyword.internal.WebUIKeywordMain.runKeyword(WebUIKeywordMain.groovy:26)
	at com.kms.katalon.core.webui.keyword.builtin.SetTextKeyword.setText(SetTextKeyword.groovy:66)
	at com.kms.katalon.core.webui.keyword.builtin.SetTextKeyword.execute(SetTextKeyword.groovy:37)
	at com.kms.katalon.core.keyword.internal.KeywordExecutor.executeKeywordForPlatform(KeywordExecutor.groovy:74)
	at com.kms.katalon.core.webui.keyword.WebUiBuiltInKeywords.setText(WebUiBuiltInKeywords.groovy:980)
	at com.kms.katalon.core.webui.keyword.WebUiBuiltInKeywords$setText$2.call(Unknown Source)
	at TC001_Create Account.run(TC001_Create Account:28)
	at com.kms.katalon.core.main.ScriptEngine.run(ScriptEngine.java:194)
	at com.kms.katalon.core.main.ScriptEngine.runScriptAsRawText(ScriptEngine.java:119)
	at com.kms.katalon.core.main.TestCaseExecutor.runScript(TestCaseExecutor.java:445)
	at com.kms.katalon.core.main.TestCaseExecutor.doExecute(TestCaseExecutor.java:436)
	at com.kms.katalon.core.main.TestCaseExecutor.processExecutionPhase(TestCaseExecutor.java:415)
	at com.kms.katalon.core.main.TestCaseExecutor.accessMainPhase(TestCaseExecutor.java:407)
	at com.kms.katalon.core.main.TestCaseExecutor.execute(TestCaseExecutor.java:284)
	at com.kms.katalon.core.common.CommonExecutor.accessTestCaseMainPhase(CommonExecutor.java:65)
	at com.kms.katalon.core.main.TestSuiteExecutor.accessTestSuiteMainPhase(TestSuiteExecutor.java:144)
	at com.kms.katalon.core.main.TestSuiteExecutor.execute(TestSuiteExecutor.java:106)
	at com.kms.katalon.core.main.TestCaseMain.startTestSuite(TestCaseMain.java:185)
	at com.kms.katalon.core.main.TestCaseMain$startTestSuite$0.call(Unknown Source)
	at TempTestSuite1667648012325.run(TempTestSuite1667648012325.groovy:36)
Caused by: com.kms.katalon.core.webui.exception.WebElementNotFoundException: Web element with id: 'Object Repository/Website/Auth/Object - Create Account/input_Nama Lengkap_input-1483' located by '//input[@id='input-1483']' not found
	at com.kms.katalon.core.webui.common.WebUiCommonHelper.findWebElement(WebUiCommonHelper.java:1370)
	at com.kms.katalon.core.webui.keyword.internal.WebUIAbstractKeyword.findWebElement(WebUIAbstractKeyword.groovy:27)
	at com.kms.katalon.core.webui.keyword.internal.WebUIAbstractKeyword.findWebElement(WebUIAbstractKeyword.groovy:26)
	at com.kms.katalon.core.webui.keyword.builtin.SetTextKeyword$_setText_closure1.doCall(SetTextKeyword.groovy:51)
	at com.kms.katalon.core.webui.keyword.builtin.SetTextKeyword$_setText_closure1.call(SetTextKeyword.groovy)
	at com.kms.katalon.core.webui.keyword.internal.WebUIKeywordMain.runKeyword(WebUIKeywordMain.groovy:20)
	... 19 more
"/>
         <system-out><![CDATA[2022-11-05 19:33:41 - [TEST_CASE][FAILED] - Test Cases/Website/Auth/TC001_Create Account: Test Cases/Website/Auth/TC001_Create Account FAILED.
Reason:
com.kms.katalon.core.exception.StepFailedException: Unable to set text 'Test Delapan' of object 'Object Repository/Website/Auth/Object - Create Account/input_Nama Lengkap_input-1483'
	at com.kms.katalon.core.webui.keyword.internal.WebUIKeywordMain.stepFailed(WebUIKeywordMain.groovy:64)
	at com.kms.katalon.core.webui.keyword.internal.WebUIKeywordMain.runKeyword(WebUIKeywordMain.groovy:26)
	at com.kms.katalon.core.webui.keyword.builtin.SetTextKeyword.setText(SetTextKeyword.groovy:66)
	at com.kms.katalon.core.webui.keyword.builtin.SetTextKeyword.execute(SetTextKeyword.groovy:37)
	at com.kms.katalon.core.keyword.internal.KeywordExecutor.executeKeywordForPlatform(KeywordExecutor.groovy:74)
	at com.kms.katalon.core.webui.keyword.WebUiBuiltInKeywords.setText(WebUiBuiltInKeywords.groovy:980)
	at com.kms.katalon.core.webui.keyword.WebUiBuiltInKeywords$setText$2.call(Unknown Source)
	at TC001_Create Account.run(TC001_Create Account:28)
	at com.kms.katalon.core.main.ScriptEngine.run(ScriptEngine.java:194)
	at com.kms.katalon.core.main.ScriptEngine.runScriptAsRawText(ScriptEngine.java:119)
	at com.kms.katalon.core.main.TestCaseExecutor.runScript(TestCaseExecutor.java:445)
	at com.kms.katalon.core.main.TestCaseExecutor.doExecute(TestCaseExecutor.java:436)
	at com.kms.katalon.core.main.TestCaseExecutor.processExecutionPhase(TestCaseExecutor.java:415)
	at com.kms.katalon.core.main.TestCaseExecutor.accessMainPhase(TestCaseExecutor.java:407)
	at com.kms.katalon.core.main.TestCaseExecutor.execute(TestCaseExecutor.java:284)
	at com.kms.katalon.core.common.CommonExecutor.accessTestCaseMainPhase(CommonExecutor.java:65)
	at com.kms.katalon.core.main.TestSuiteExecutor.accessTestSuiteMainPhase(TestSuiteExecutor.java:144)
	at com.kms.katalon.core.main.TestSuiteExecutor.execute(TestSuiteExecutor.java:106)
	at com.kms.katalon.core.main.TestCaseMain.startTestSuite(TestCaseMain.java:185)
	at com.kms.katalon.core.main.TestCaseMain$startTestSuite$0.call(Unknown Source)
	at TempTestSuite1667648012325.run(TempTestSuite1667648012325.groovy:36)
Caused by: com.kms.katalon.core.webui.exception.WebElementNotFoundException: Web element with id: 'Object Repository/Website/Auth/Object - Create Account/input_Nama Lengkap_input-1483' located by '//input[@id='input-1483']' not found
	at com.kms.katalon.core.webui.common.WebUiCommonHelper.findWebElement(WebUiCommonHelper.java:1370)
	at com.kms.katalon.core.webui.keyword.internal.WebUIAbstractKeyword.findWebElement(WebUIAbstractKeyword.groovy:27)
	at com.kms.katalon.core.webui.keyword.internal.WebUIAbstractKeyword.findWebElement(WebUIAbstractKeyword.groovy:26)
	at com.kms.katalon.core.webui.keyword.builtin.SetTextKeyword$_setText_closure1.doCall(SetTextKeyword.groovy:51)
	at com.kms.katalon.core.webui.keyword.builtin.SetTextKeyword$_setText_closure1.call(SetTextKeyword.groovy)
	at com.kms.katalon.core.webui.keyword.internal.WebUIKeywordMain.runKeyword(WebUIKeywordMain.groovy:20)
	... 19 more


2022-11-05 19:33:41 - [TEST_STEP][PASSED] - openBrowser(""): Browser is opened with url: ''

2022-11-05 19:33:42 - [MESSAGE][INFO] - Starting 'Chrome' driver

2022-11-05 19:33:42 - [MESSAGE][INFO] - Action delay is set to 0 milliseconds

2022-11-05 19:33:44 - [MESSAGE][PASSED] - Browser is opened with url: ''

2022-11-05 19:33:44 - [TEST_STEP][PASSED] - navigateToUrl("https://alta-shop.vercel.app/"): Navigate to 'https://alta-shop.vercel.app/' successfully

2022-11-05 19:33:46 - [MESSAGE][PASSED] - Navigate to 'https://alta-shop.vercel.app/' successfully

2022-11-05 19:33:46 - [TEST_STEP][PASSED] - click(findTestObject("Object Repository/Website/Auth/Object - Create Account/i_AltaShop_v-icon notranslate fas fa-sign-i_3d16a9")): Object: 'Object Repository/Website/Auth/Object - Create Account/i_AltaShop_v-icon notranslate fas fa-sign-i_3d16a9' is clicked on

2022-11-05 19:33:50 - [MESSAGE][PASSED] - Object: 'Object Repository/Website/Auth/Object - Create Account/i_AltaShop_v-icon notranslate fas fa-sign-i_3d16a9' is clicked on

2022-11-05 19:33:50 - [TEST_STEP][PASSED] - click(findTestObject("Object Repository/Website/Auth/Object - Create Account/a_Register")): Object: 'Object Repository/Website/Auth/Object - Create Account/a_Register' is clicked on

2022-11-05 19:33:50 - [MESSAGE][PASSED] - Object: 'Object Repository/Website/Auth/Object - Create Account/a_Register' is clicked on

2022-11-05 19:33:50 - [TEST_STEP][FAILED] - setText(findTestObject("Object Repository/Website/Auth/Object - Create Account/input_Nama Lengkap_input-1483"), "Test Delapan"): Unable to set text 'Test Delapan' of object 'Object Repository/Website/Auth/Object - Create Account/input_Nama Lengkap_input-1483' (Root cause: com.kms.katalon.core.exception.StepFailedException: Unable to set text 'Test Delapan' of object 'Object Repository/Website/Auth/Object - Create Account/input_Nama Lengkap_input-1483'
	at com.kms.katalon.core.webui.keyword.internal.WebUIKeywordMain.stepFailed(WebUIKeywordMain.groovy:64)
	at com.kms.katalon.core.webui.keyword.internal.WebUIKeywordMain.runKeyword(WebUIKeywordMain.groovy:26)
	at com.kms.katalon.core.webui.keyword.builtin.SetTextKeyword.setText(SetTextKeyword.groovy:66)
	at com.kms.katalon.core.webui.keyword.builtin.SetTextKeyword.execute(SetTextKeyword.groovy:37)
	at com.kms.katalon.core.keyword.internal.KeywordExecutor.executeKeywordForPlatform(KeywordExecutor.groovy:74)
	at com.kms.katalon.core.webui.keyword.WebUiBuiltInKeywords.setText(WebUiBuiltInKeywords.groovy:980)
	at com.kms.katalon.core.webui.keyword.WebUiBuiltInKeywords$setText$2.call(Unknown Source)
	at TC001_Create Account.run(TC001_Create Account:28)
	at com.kms.katalon.core.main.ScriptEngine.run(ScriptEngine.java:194)
	at com.kms.katalon.core.main.ScriptEngine.runScriptAsRawText(ScriptEngine.java:119)
	at com.kms.katalon.core.main.TestCaseExecutor.runScript(TestCaseExecutor.java:445)
	at com.kms.katalon.core.main.TestCaseExecutor.doExecute(TestCaseExecutor.java:436)
	at com.kms.katalon.core.main.TestCaseExecutor.processExecutionPhase(TestCaseExecutor.java:415)
	at com.kms.katalon.core.main.TestCaseExecutor.accessMainPhase(TestCaseExecutor.java:407)
	at com.kms.katalon.core.main.TestCaseExecutor.execute(TestCaseExecutor.java:284)
	at com.kms.katalon.core.common.CommonExecutor.accessTestCaseMainPhase(CommonExecutor.java:65)
	at com.kms.katalon.core.main.TestSuiteExecutor.accessTestSuiteMainPhase(TestSuiteExecutor.java:144)
	at com.kms.katalon.core.main.TestSuiteExecutor.execute(TestSuiteExecutor.java:106)
	at com.kms.katalon.core.main.TestCaseMain.startTestSuite(TestCaseMain.java:185)
	at com.kms.katalon.core.main.TestCaseMain$startTestSuite$0.call(Unknown Source)
	at TempTestSuite1667648012325.run(TempTestSuite1667648012325.groovy:36)
Caused by: com.kms.katalon.core.webui.exception.WebElementNotFoundException: Web element with id: 'Object Repository/Website/Auth/Object - Create Account/input_Nama Lengkap_input-1483' located by '//input[@id='input-1483']' not found
	at com.kms.katalon.core.webui.common.WebUiCommonHelper.findWebElement(WebUiCommonHelper.java:1370)
	at com.kms.katalon.core.webui.keyword.internal.WebUIAbstractKeyword.findWebElement(WebUIAbstractKeyword.groovy:27)
	at com.kms.katalon.core.webui.keyword.internal.WebUIAbstractKeyword.findWebElement(WebUIAbstractKeyword.groovy:26)
	at com.kms.katalon.core.webui.keyword.builtin.SetTextKeyword$_setText_closure1.doCall(SetTextKeyword.groovy:51)
	at com.kms.katalon.core.webui.keyword.builtin.SetTextKeyword$_setText_closure1.call(SetTextKeyword.groovy)
	at com.kms.katalon.core.webui.keyword.internal.WebUIKeywordMain.runKeyword(WebUIKeywordMain.groovy:20)
	at com.kms.katalon.core.webui.keyword.builtin.SetTextKeyword.setText(SetTextKeyword.groovy:66)
	at com.kms.katalon.core.webui.keyword.builtin.SetTextKeyword.execute(SetTextKeyword.groovy:37)
	at com.kms.katalon.core.keyword.internal.KeywordExecutor.executeKeywordForPlatform(KeywordExecutor.groovy:74)
	at com.kms.katalon.core.webui.keyword.WebUiBuiltInKeywords.setText(WebUiBuiltInKeywords.groovy:980)
	at com.kms.katalon.core.webui.keyword.WebUiBuiltInKeywords$setText$2.call(Unknown Source)
	at Script1667546441341.run(Script1667546441341.groovy:28)
	... 13 more
)

2022-11-05 19:34:22 - [MESSAGE][INFO] - Unable to find the element located by 'By.xpath: //input[@id='input-1483']'. Please recheck the objects properties to make sure the desired element is located. 

2022-11-05 19:34:22 - [MESSAGE][FAILED] - Unable to set text 'Test Delapan' of object 'Object Repository/Website/Auth/Object - Create Account/input_Nama Lengkap_input-1483' (Root cause: com.kms.katalon.core.exception.StepFailedException: Unable to set text 'Test Delapan' of object 'Object Repository/Website/Auth/Object - Create Account/input_Nama Lengkap_input-1483'
	at com.kms.katalon.core.webui.keyword.internal.WebUIKeywordMain.stepFailed(WebUIKeywordMain.groovy:64)
	at com.kms.katalon.core.webui.keyword.internal.WebUIKeywordMain.runKeyword(WebUIKeywordMain.groovy:26)
	at com.kms.katalon.core.webui.keyword.builtin.SetTextKeyword.setText(SetTextKeyword.groovy:66)
	at com.kms.katalon.core.webui.keyword.builtin.SetTextKeyword.execute(SetTextKeyword.groovy:37)
	at com.kms.katalon.core.keyword.internal.KeywordExecutor.executeKeywordForPlatform(KeywordExecutor.groovy:74)
	at com.kms.katalon.core.webui.keyword.WebUiBuiltInKeywords.setText(WebUiBuiltInKeywords.groovy:980)
	at com.kms.katalon.core.webui.keyword.WebUiBuiltInKeywords$setText$2.call(Unknown Source)
	at TC001_Create Account.run(TC001_Create Account:28)
	at com.kms.katalon.core.main.ScriptEngine.run(ScriptEngine.java:194)
	at com.kms.katalon.core.main.ScriptEngine.runScriptAsRawText(ScriptEngine.java:119)
	at com.kms.katalon.core.main.TestCaseExecutor.runScript(TestCaseExecutor.java:445)
	at com.kms.katalon.core.main.TestCaseExecutor.doExecute(TestCaseExecutor.java:436)
	at com.kms.katalon.core.main.TestCaseExecutor.processExecutionPhase(TestCaseExecutor.java:415)
	at com.kms.katalon.core.main.TestCaseExecutor.accessMainPhase(TestCaseExecutor.java:407)
	at com.kms.katalon.core.main.TestCaseExecutor.execute(TestCaseExecutor.java:284)
	at com.kms.katalon.core.common.CommonExecutor.accessTestCaseMainPhase(CommonExecutor.java:65)
	at com.kms.katalon.core.main.TestSuiteExecutor.accessTestSuiteMainPhase(TestSuiteExecutor.java:144)
	at com.kms.katalon.core.main.TestSuiteExecutor.execute(TestSuiteExecutor.java:106)
	at com.kms.katalon.core.main.TestCaseMain.startTestSuite(TestCaseMain.java:185)
	at com.kms.katalon.core.main.TestCaseMain$startTestSuite$0.call(Unknown Source)
	at TempTestSuite1667648012325.run(TempTestSuite1667648012325.groovy:36)
Caused by: com.kms.katalon.core.webui.exception.WebElementNotFoundException: Web element with id: 'Object Repository/Website/Auth/Object - Create Account/input_Nama Lengkap_input-1483' located by '//input[@id='input-1483']' not found
	at com.kms.katalon.core.webui.common.WebUiCommonHelper.findWebElement(WebUiCommonHelper.java:1370)
	at com.kms.katalon.core.webui.keyword.internal.WebUIAbstractKeyword.findWebElement(WebUIAbstractKeyword.groovy:27)
	at com.kms.katalon.core.webui.keyword.internal.WebUIAbstractKeyword.findWebElement(WebUIAbstractKeyword.groovy:26)
	at com.kms.katalon.core.webui.keyword.builtin.SetTextKeyword$_setText_closure1.doCall(SetTextKeyword.groovy:51)
	at com.kms.katalon.core.webui.keyword.builtin.SetTextKeyword$_setText_closure1.call(SetTextKeyword.groovy)
	at com.kms.katalon.core.webui.keyword.internal.WebUIKeywordMain.runKeyword(WebUIKeywordMain.groovy:20)
	at com.kms.katalon.core.webui.keyword.builtin.SetTextKeyword.setText(SetTextKeyword.groovy:66)
	at com.kms.katalon.core.webui.keyword.builtin.SetTextKeyword.execute(SetTextKeyword.groovy:37)
	at com.kms.katalon.core.keyword.internal.KeywordExecutor.executeKeywordForPlatform(KeywordExecutor.groovy:74)
	at com.kms.katalon.core.webui.keyword.WebUiBuiltInKeywords.setText(WebUiBuiltInKeywords.groovy:980)
	at com.kms.katalon.core.webui.keyword.WebUiBuiltInKeywords$setText$2.call(Unknown Source)
	at Script1667546441341.run(Script1667546441341.groovy:28)
	... 13 more
)
[[ATTACHMENT|C:\\Users\\iputu\\Katalon Studio\\Mini project\\Reports\\20221105_193332\\Regression Test Website\\20221105_193332\\1667648062207.png]]]]></system-out>
         <system-err><![CDATA[2022-11-05 19:33:41 - [TEST_CASE][FAILED] - Test Cases/Website/Auth/TC001_Create Account: Test Cases/Website/Auth/TC001_Create Account FAILED.
Reason:
com.kms.katalon.core.exception.StepFailedException: Unable to set text 'Test Delapan' of object 'Object Repository/Website/Auth/Object - Create Account/input_Nama Lengkap_input-1483'
	at com.kms.katalon.core.webui.keyword.internal.WebUIKeywordMain.stepFailed(WebUIKeywordMain.groovy:64)
	at com.kms.katalon.core.webui.keyword.internal.WebUIKeywordMain.runKeyword(WebUIKeywordMain.groovy:26)
	at com.kms.katalon.core.webui.keyword.builtin.SetTextKeyword.setText(SetTextKeyword.groovy:66)
	at com.kms.katalon.core.webui.keyword.builtin.SetTextKeyword.execute(SetTextKeyword.groovy:37)
	at com.kms.katalon.core.keyword.internal.KeywordExecutor.executeKeywordForPlatform(KeywordExecutor.groovy:74)
	at com.kms.katalon.core.webui.keyword.WebUiBuiltInKeywords.setText(WebUiBuiltInKeywords.groovy:980)
	at com.kms.katalon.core.webui.keyword.WebUiBuiltInKeywords$setText$2.call(Unknown Source)
	at TC001_Create Account.run(TC001_Create Account:28)
	at com.kms.katalon.core.main.ScriptEngine.run(ScriptEngine.java:194)
	at com.kms.katalon.core.main.ScriptEngine.runScriptAsRawText(ScriptEngine.java:119)
	at com.kms.katalon.core.main.TestCaseExecutor.runScript(TestCaseExecutor.java:445)
	at com.kms.katalon.core.main.TestCaseExecutor.doExecute(TestCaseExecutor.java:436)
	at com.kms.katalon.core.main.TestCaseExecutor.processExecutionPhase(TestCaseExecutor.java:415)
	at com.kms.katalon.core.main.TestCaseExecutor.accessMainPhase(TestCaseExecutor.java:407)
	at com.kms.katalon.core.main.TestCaseExecutor.execute(TestCaseExecutor.java:284)
	at com.kms.katalon.core.common.CommonExecutor.accessTestCaseMainPhase(CommonExecutor.java:65)
	at com.kms.katalon.core.main.TestSuiteExecutor.accessTestSuiteMainPhase(TestSuiteExecutor.java:144)
	at com.kms.katalon.core.main.TestSuiteExecutor.execute(TestSuiteExecutor.java:106)
	at com.kms.katalon.core.main.TestCaseMain.startTestSuite(TestCaseMain.java:185)
	at com.kms.katalon.core.main.TestCaseMain$startTestSuite$0.call(Unknown Source)
	at TempTestSuite1667648012325.run(TempTestSuite1667648012325.groovy:36)
Caused by: com.kms.katalon.core.webui.exception.WebElementNotFoundException: Web element with id: 'Object Repository/Website/Auth/Object - Create Account/input_Nama Lengkap_input-1483' located by '//input[@id='input-1483']' not found
	at com.kms.katalon.core.webui.common.WebUiCommonHelper.findWebElement(WebUiCommonHelper.java:1370)
	at com.kms.katalon.core.webui.keyword.internal.WebUIAbstractKeyword.findWebElement(WebUIAbstractKeyword.groovy:27)
	at com.kms.katalon.core.webui.keyword.internal.WebUIAbstractKeyword.findWebElement(WebUIAbstractKeyword.groovy:26)
	at com.kms.katalon.core.webui.keyword.builtin.SetTextKeyword$_setText_closure1.doCall(SetTextKeyword.groovy:51)
	at com.kms.katalon.core.webui.keyword.builtin.SetTextKeyword$_setText_closure1.call(SetTextKeyword.groovy)
	at com.kms.katalon.core.webui.keyword.internal.WebUIKeywordMain.runKeyword(WebUIKeywordMain.groovy:20)
	... 19 more]]></system-err>
      </testcase>
      <testcase name="Test Cases/Website/Auth/TC002_Login Account" time="14.153" classname="Test Cases/Website/Auth/TC002_Login Account" status="PASSED">
         <system-out><![CDATA[2022-11-05 19:34:22 - [TEST_CASE][PASSED] - Test Cases/Website/Auth/TC002_Login Account: Test Cases/Website/Auth/TC002_Login Account

2022-11-05 19:34:22 - [TEST_STEP][PASSED] - openBrowser(""): Browser is opened with url: ''

2022-11-05 19:34:22 - [MESSAGE][WARNING] - A browser is already opened. Closing browser and opening a new one

2022-11-05 19:34:23 - [MESSAGE][INFO] - Starting 'Chrome' driver

2022-11-05 19:34:23 - [MESSAGE][INFO] - Action delay is set to 0 milliseconds

2022-11-05 19:34:24 - [MESSAGE][PASSED] - Browser is opened with url: ''

2022-11-05 19:34:24 - [TEST_STEP][PASSED] - navigateToUrl("https://alta-shop.vercel.app/"): Navigate to 'https://alta-shop.vercel.app/' successfully

2022-11-05 19:34:28 - [MESSAGE][PASSED] - Navigate to 'https://alta-shop.vercel.app/' successfully

2022-11-05 19:34:28 - [TEST_STEP][PASSED] - click(findTestObject("Object Repository/Website/Auth/Object - Login Account/i_AltaShop_v-icon notranslate fas fa-sign-i_3d16a9")): Object: 'Object Repository/Website/Auth/Object - Login Account/i_AltaShop_v-icon notranslate fas fa-sign-i_3d16a9' is clicked on

2022-11-05 19:34:34 - [MESSAGE][PASSED] - Object: 'Object Repository/Website/Auth/Object - Login Account/i_AltaShop_v-icon notranslate fas fa-sign-i_3d16a9' is clicked on

2022-11-05 19:34:34 - [TEST_STEP][PASSED] - setText(findTestObject("Object Repository/Website/Auth/Object - Login Account/input_Email_input-1487"), "test5@email.com"): Text 'test5@email.com' is set on object 'Object Repository/Website/Auth/Object - Login Account/input_Email_input-1487'

2022-11-05 19:34:35 - [MESSAGE][PASSED] - Text 'test5@email.com' is set on object 'Object Repository/Website/Auth/Object - Login Account/input_Email_input-1487'

2022-11-05 19:34:35 - [TEST_STEP][PASSED] - setText(findTestObject("Object Repository/Website/Auth/Object - Login Account/input_Password_input-1490"), "1234567890"): Text '1234567890' is set on object 'Object Repository/Website/Auth/Object - Login Account/input_Password_input-1490'

2022-11-05 19:34:36 - [MESSAGE][PASSED] - Text '1234567890' is set on object 'Object Repository/Website/Auth/Object - Login Account/input_Password_input-1490'

2022-11-05 19:34:36 - [TEST_STEP][PASSED] - click(findTestObject("Object Repository/Website/Auth/Object - Login Account/span_Login")): Object: 'Object Repository/Website/Auth/Object - Login Account/span_Login' is clicked on

2022-11-05 19:34:36 - [MESSAGE][PASSED] - Object: 'Object Repository/Website/Auth/Object - Login Account/span_Login' is clicked on]]></system-out>
         <system-err><![CDATA[]]></system-err>
      </testcase>
      <testcase name="Test Cases/Website/Auth/TC003_Logout Account" time="48.221" classname="Test Cases/Website/Auth/TC003_Logout Account" status="FAILED">
         <failure type="FAILED" message="Test Cases/Website/Auth/TC003_Logout Account FAILED.
Reason:
com.kms.katalon.core.exception.StepFailedException: Unable to click on object 'Object Repository/Website/Auth/Object - Logout Account/Button - Logout'
	at com.kms.katalon.core.webui.keyword.internal.WebUIKeywordMain.stepFailed(WebUIKeywordMain.groovy:64)
	at com.kms.katalon.core.webui.keyword.internal.WebUIKeywordMain.runKeyword(WebUIKeywordMain.groovy:26)
	at com.kms.katalon.core.webui.keyword.builtin.ClickKeyword.click(ClickKeyword.groovy:74)
	at com.kms.katalon.core.webui.keyword.builtin.ClickKeyword.execute(ClickKeyword.groovy:40)
	at com.kms.katalon.core.keyword.internal.KeywordExecutor.executeKeywordForPlatform(KeywordExecutor.groovy:74)
	at com.kms.katalon.core.webui.keyword.WebUiBuiltInKeywords.click(WebUiBuiltInKeywords.groovy:620)
	at com.kms.katalon.core.webui.keyword.WebUiBuiltInKeywords$click$1.call(Unknown Source)
	at TC003_Logout Account.run(TC003_Logout Account:24)
	at com.kms.katalon.core.main.ScriptEngine.run(ScriptEngine.java:194)
	at com.kms.katalon.core.main.ScriptEngine.runScriptAsRawText(ScriptEngine.java:119)
	at com.kms.katalon.core.main.TestCaseExecutor.runScript(TestCaseExecutor.java:445)
	at com.kms.katalon.core.main.TestCaseExecutor.doExecute(TestCaseExecutor.java:436)
	at com.kms.katalon.core.main.TestCaseExecutor.processExecutionPhase(TestCaseExecutor.java:415)
	at com.kms.katalon.core.main.TestCaseExecutor.accessMainPhase(TestCaseExecutor.java:407)
	at com.kms.katalon.core.main.TestCaseExecutor.execute(TestCaseExecutor.java:284)
	at com.kms.katalon.core.common.CommonExecutor.accessTestCaseMainPhase(CommonExecutor.java:65)
	at com.kms.katalon.core.main.TestSuiteExecutor.accessTestSuiteMainPhase(TestSuiteExecutor.java:144)
	at com.kms.katalon.core.main.TestSuiteExecutor.execute(TestSuiteExecutor.java:106)
	at com.kms.katalon.core.main.TestCaseMain.startTestSuite(TestCaseMain.java:185)
	at com.kms.katalon.core.main.TestCaseMain$startTestSuite$0.call(Unknown Source)
	at TempTestSuite1667648012325.run(TempTestSuite1667648012325.groovy:36)
Caused by: com.kms.katalon.core.webui.exception.WebElementNotFoundException: Web element with id: 'Object Repository/Website/Auth/Object - Logout Account/Button - Logout' located by '//*[@id=&quot;list-item-4386&quot;]/div[2][count(. | //*[@class = 'v-list-item__title']) = count(//*[@class = 'v-list-item__title'])]' not found
	at com.kms.katalon.core.webui.common.WebUiCommonHelper.findWebElement(WebUiCommonHelper.java:1370)
	at com.kms.katalon.core.webui.keyword.internal.WebUIAbstractKeyword.findWebElement(WebUIAbstractKeyword.groovy:27)
	at com.kms.katalon.core.webui.keyword.builtin.ClickKeyword$_click_closure1.doCall(ClickKeyword.groovy:65)
	at com.kms.katalon.core.webui.keyword.builtin.ClickKeyword$_click_closure1.call(ClickKeyword.groovy)
	at com.kms.katalon.core.webui.keyword.internal.WebUIKeywordMain.runKeyword(WebUIKeywordMain.groovy:20)
	... 19 more
"/>
         <system-out><![CDATA[2022-11-05 19:34:36 - [TEST_CASE][FAILED] - Test Cases/Website/Auth/TC003_Logout Account: Test Cases/Website/Auth/TC003_Logout Account FAILED.
Reason:
com.kms.katalon.core.exception.StepFailedException: Unable to click on object 'Object Repository/Website/Auth/Object - Logout Account/Button - Logout'
	at com.kms.katalon.core.webui.keyword.internal.WebUIKeywordMain.stepFailed(WebUIKeywordMain.groovy:64)
	at com.kms.katalon.core.webui.keyword.internal.WebUIKeywordMain.runKeyword(WebUIKeywordMain.groovy:26)
	at com.kms.katalon.core.webui.keyword.builtin.ClickKeyword.click(ClickKeyword.groovy:74)
	at com.kms.katalon.core.webui.keyword.builtin.ClickKeyword.execute(ClickKeyword.groovy:40)
	at com.kms.katalon.core.keyword.internal.KeywordExecutor.executeKeywordForPlatform(KeywordExecutor.groovy:74)
	at com.kms.katalon.core.webui.keyword.WebUiBuiltInKeywords.click(WebUiBuiltInKeywords.groovy:620)
	at com.kms.katalon.core.webui.keyword.WebUiBuiltInKeywords$click$1.call(Unknown Source)
	at TC003_Logout Account.run(TC003_Logout Account:24)
	at com.kms.katalon.core.main.ScriptEngine.run(ScriptEngine.java:194)
	at com.kms.katalon.core.main.ScriptEngine.runScriptAsRawText(ScriptEngine.java:119)
	at com.kms.katalon.core.main.TestCaseExecutor.runScript(TestCaseExecutor.java:445)
	at com.kms.katalon.core.main.TestCaseExecutor.doExecute(TestCaseExecutor.java:436)
	at com.kms.katalon.core.main.TestCaseExecutor.processExecutionPhase(TestCaseExecutor.java:415)
	at com.kms.katalon.core.main.TestCaseExecutor.accessMainPhase(TestCaseExecutor.java:407)
	at com.kms.katalon.core.main.TestCaseExecutor.execute(TestCaseExecutor.java:284)
	at com.kms.katalon.core.common.CommonExecutor.accessTestCaseMainPhase(CommonExecutor.java:65)
	at com.kms.katalon.core.main.TestSuiteExecutor.accessTestSuiteMainPhase(TestSuiteExecutor.java:144)
	at com.kms.katalon.core.main.TestSuiteExecutor.execute(TestSuiteExecutor.java:106)
	at com.kms.katalon.core.main.TestCaseMain.startTestSuite(TestCaseMain.java:185)
	at com.kms.katalon.core.main.TestCaseMain$startTestSuite$0.call(Unknown Source)
	at TempTestSuite1667648012325.run(TempTestSuite1667648012325.groovy:36)
Caused by: com.kms.katalon.core.webui.exception.WebElementNotFoundException: Web element with id: 'Object Repository/Website/Auth/Object - Logout Account/Button - Logout' located by '//*[@id="list-item-4386"]/div[2][count(. | //*[@class = 'v-list-item__title']) = count(//*[@class = 'v-list-item__title'])]' not found
	at com.kms.katalon.core.webui.common.WebUiCommonHelper.findWebElement(WebUiCommonHelper.java:1370)
	at com.kms.katalon.core.webui.keyword.internal.WebUIAbstractKeyword.findWebElement(WebUIAbstractKeyword.groovy:27)
	at com.kms.katalon.core.webui.keyword.builtin.ClickKeyword$_click_closure1.doCall(ClickKeyword.groovy:65)
	at com.kms.katalon.core.webui.keyword.builtin.ClickKeyword$_click_closure1.call(ClickKeyword.groovy)
	at com.kms.katalon.core.webui.keyword.internal.WebUIKeywordMain.runKeyword(WebUIKeywordMain.groovy:20)
	... 19 more


2022-11-05 19:34:36 - [TEST_STEP][PASSED] - callTestCase(findTestCase("Website/Auth/TC002_Login Account"), [:], STOP_ON_FAILURE): Call Test Case 'Test Cases/Website/Auth/TC002_Login Account' successfully

2022-11-05 19:34:36 - [TEST_CASE][PASSED] - Test Cases/Website/Auth/TC002_Login Account: Test Cases/Website/Auth/TC002_Login Account

2022-11-05 19:34:36 - [TEST_STEP][PASSED] - openBrowser(""): Browser is opened with url: ''

2022-11-05 19:34:36 - [MESSAGE][WARNING] - A browser is already opened. Closing browser and opening a new one

2022-11-05 19:34:37 - [MESSAGE][INFO] - Starting 'Chrome' driver

2022-11-05 19:34:37 - [MESSAGE][INFO] - Action delay is set to 0 milliseconds

2022-11-05 19:34:38 - [MESSAGE][PASSED] - Browser is opened with url: ''

2022-11-05 19:34:38 - [TEST_STEP][PASSED] - navigateToUrl("https://alta-shop.vercel.app/"): Navigate to 'https://alta-shop.vercel.app/' successfully

2022-11-05 19:34:42 - [MESSAGE][PASSED] - Navigate to 'https://alta-shop.vercel.app/' successfully

2022-11-05 19:34:42 - [TEST_STEP][PASSED] - click(findTestObject("Object Repository/Website/Auth/Object - Login Account/i_AltaShop_v-icon notranslate fas fa-sign-i_3d16a9")): Object: 'Object Repository/Website/Auth/Object - Login Account/i_AltaShop_v-icon notranslate fas fa-sign-i_3d16a9' is clicked on

2022-11-05 19:34:46 - [MESSAGE][PASSED] - Object: 'Object Repository/Website/Auth/Object - Login Account/i_AltaShop_v-icon notranslate fas fa-sign-i_3d16a9' is clicked on

2022-11-05 19:34:46 - [TEST_STEP][PASSED] - setText(findTestObject("Object Repository/Website/Auth/Object - Login Account/input_Email_input-1487"), "test5@email.com"): Text 'test5@email.com' is set on object 'Object Repository/Website/Auth/Object - Login Account/input_Email_input-1487'

2022-11-05 19:34:47 - [MESSAGE][PASSED] - Text 'test5@email.com' is set on object 'Object Repository/Website/Auth/Object - Login Account/input_Email_input-1487'

2022-11-05 19:34:47 - [TEST_STEP][PASSED] - setText(findTestObject("Object Repository/Website/Auth/Object - Login Account/input_Password_input-1490"), "1234567890"): Text '1234567890' is set on object 'Object Repository/Website/Auth/Object - Login Account/input_Password_input-1490'

2022-11-05 19:34:48 - [MESSAGE][PASSED] - Text '1234567890' is set on object 'Object Repository/Website/Auth/Object - Login Account/input_Password_input-1490'

2022-11-05 19:34:48 - [TEST_STEP][PASSED] - click(findTestObject("Object Repository/Website/Auth/Object - Login Account/span_Login")): Object: 'Object Repository/Website/Auth/Object - Login Account/span_Login' is clicked on

2022-11-05 19:34:49 - [MESSAGE][PASSED] - Object: 'Object Repository/Website/Auth/Object - Login Account/span_Login' is clicked on

2022-11-05 19:34:49 - [MESSAGE][PASSED] - Call Test Case 'Test Cases/Website/Auth/TC002_Login Account' successfully

2022-11-05 19:34:49 - [TEST_STEP][PASSED] - click(findTestObject("Website/Auth/Object - Logout Account/Button - Profile")): Object: 'Object Repository/Website/Auth/Object - Logout Account/Button - Profile' is clicked on

2022-11-05 19:34:53 - [MESSAGE][PASSED] - Object: 'Object Repository/Website/Auth/Object - Logout Account/Button - Profile' is clicked on

2022-11-05 19:34:53 - [TEST_STEP][FAILED] - click(findTestObject("Website/Auth/Object - Logout Account/Button - Logout")): Unable to click on object 'Object Repository/Website/Auth/Object - Logout Account/Button - Logout' (Root cause: com.kms.katalon.core.exception.StepFailedException: Unable to click on object 'Object Repository/Website/Auth/Object - Logout Account/Button - Logout'
	at com.kms.katalon.core.webui.keyword.internal.WebUIKeywordMain.stepFailed(WebUIKeywordMain.groovy:64)
	at com.kms.katalon.core.webui.keyword.internal.WebUIKeywordMain.runKeyword(WebUIKeywordMain.groovy:26)
	at com.kms.katalon.core.webui.keyword.builtin.ClickKeyword.click(ClickKeyword.groovy:74)
	at com.kms.katalon.core.webui.keyword.builtin.ClickKeyword.execute(ClickKeyword.groovy:40)
	at com.kms.katalon.core.keyword.internal.KeywordExecutor.executeKeywordForPlatform(KeywordExecutor.groovy:74)
	at com.kms.katalon.core.webui.keyword.WebUiBuiltInKeywords.click(WebUiBuiltInKeywords.groovy:620)
	at com.kms.katalon.core.webui.keyword.WebUiBuiltInKeywords$click$1.call(Unknown Source)
	at TC003_Logout Account.run(TC003_Logout Account:24)
	at com.kms.katalon.core.main.ScriptEngine.run(ScriptEngine.java:194)
	at com.kms.katalon.core.main.ScriptEngine.runScriptAsRawText(ScriptEngine.java:119)
	at com.kms.katalon.core.main.TestCaseExecutor.runScript(TestCaseExecutor.java:445)
	at com.kms.katalon.core.main.TestCaseExecutor.doExecute(TestCaseExecutor.java:436)
	at com.kms.katalon.core.main.TestCaseExecutor.processExecutionPhase(TestCaseExecutor.java:415)
	at com.kms.katalon.core.main.TestCaseExecutor.accessMainPhase(TestCaseExecutor.java:407)
	at com.kms.katalon.core.main.TestCaseExecutor.execute(TestCaseExecutor.java:284)
	at com.kms.katalon.core.common.CommonExecutor.accessTestCaseMainPhase(CommonExecutor.java:65)
	at com.kms.katalon.core.main.TestSuiteExecutor.accessTestSuiteMainPhase(TestSuiteExecutor.java:144)
	at com.kms.katalon.core.main.TestSuiteExecutor.execute(TestSuiteExecutor.java:106)
	at com.kms.katalon.core.main.TestCaseMain.startTestSuite(TestCaseMain.java:185)
	at com.kms.katalon.core.main.TestCaseMain$startTestSuite$0.call(Unknown Source)
	at TempTestSuite1667648012325.run(TempTestSuite1667648012325.groovy:36)
Caused by: com.kms.katalon.core.webui.exception.WebElementNotFoundException: Web element with id: 'Object Repository/Website/Auth/Object - Logout Account/Button - Logout' located by '//*[@id="list-item-4386"]/div[2][count(. | //*[@class = 'v-list-item__title']) = count(//*[@class = 'v-list-item__title'])]' not found
	at com.kms.katalon.core.webui.common.WebUiCommonHelper.findWebElement(WebUiCommonHelper.java:1370)
	at com.kms.katalon.core.webui.keyword.internal.WebUIAbstractKeyword.findWebElement(WebUIAbstractKeyword.groovy:27)
	at com.kms.katalon.core.webui.keyword.builtin.ClickKeyword$_click_closure1.doCall(ClickKeyword.groovy:65)
	at com.kms.katalon.core.webui.keyword.builtin.ClickKeyword$_click_closure1.call(ClickKeyword.groovy)
	at com.kms.katalon.core.webui.keyword.internal.WebUIKeywordMain.runKeyword(WebUIKeywordMain.groovy:20)
	at com.kms.katalon.core.webui.keyword.builtin.ClickKeyword.click(ClickKeyword.groovy:74)
	at com.kms.katalon.core.webui.keyword.builtin.ClickKeyword.execute(ClickKeyword.groovy:40)
	at com.kms.katalon.core.keyword.internal.KeywordExecutor.executeKeywordForPlatform(KeywordExecutor.groovy:74)
	at com.kms.katalon.core.webui.keyword.WebUiBuiltInKeywords.click(WebUiBuiltInKeywords.groovy:620)
	at com.kms.katalon.core.webui.keyword.WebUiBuiltInKeywords$click$1.call(Unknown Source)
	at Script1667546550973.run(Script1667546550973.groovy:24)
	... 13 more
)

2022-11-05 19:35:24 - [MESSAGE][INFO] - Unable to find the element located by 'By.xpath: //*[@id="list-item-4386"]/div[2][count(. | //*[@class = 'v-list-item__title']) = count(//*[@class = 'v-list-item__title'])]'. Please recheck the objects properties to make sure the desired element is located. 

2022-11-05 19:35:24 - [MESSAGE][FAILED] - Unable to click on object 'Object Repository/Website/Auth/Object - Logout Account/Button - Logout' (Root cause: com.kms.katalon.core.exception.StepFailedException: Unable to click on object 'Object Repository/Website/Auth/Object - Logout Account/Button - Logout'
	at com.kms.katalon.core.webui.keyword.internal.WebUIKeywordMain.stepFailed(WebUIKeywordMain.groovy:64)
	at com.kms.katalon.core.webui.keyword.internal.WebUIKeywordMain.runKeyword(WebUIKeywordMain.groovy:26)
	at com.kms.katalon.core.webui.keyword.builtin.ClickKeyword.click(ClickKeyword.groovy:74)
	at com.kms.katalon.core.webui.keyword.builtin.ClickKeyword.execute(ClickKeyword.groovy:40)
	at com.kms.katalon.core.keyword.internal.KeywordExecutor.executeKeywordForPlatform(KeywordExecutor.groovy:74)
	at com.kms.katalon.core.webui.keyword.WebUiBuiltInKeywords.click(WebUiBuiltInKeywords.groovy:620)
	at com.kms.katalon.core.webui.keyword.WebUiBuiltInKeywords$click$1.call(Unknown Source)
	at TC003_Logout Account.run(TC003_Logout Account:24)
	at com.kms.katalon.core.main.ScriptEngine.run(ScriptEngine.java:194)
	at com.kms.katalon.core.main.ScriptEngine.runScriptAsRawText(ScriptEngine.java:119)
	at com.kms.katalon.core.main.TestCaseExecutor.runScript(TestCaseExecutor.java:445)
	at com.kms.katalon.core.main.TestCaseExecutor.doExecute(TestCaseExecutor.java:436)
	at com.kms.katalon.core.main.TestCaseExecutor.processExecutionPhase(TestCaseExecutor.java:415)
	at com.kms.katalon.core.main.TestCaseExecutor.accessMainPhase(TestCaseExecutor.java:407)
	at com.kms.katalon.core.main.TestCaseExecutor.execute(TestCaseExecutor.java:284)
	at com.kms.katalon.core.common.CommonExecutor.accessTestCaseMainPhase(CommonExecutor.java:65)
	at com.kms.katalon.core.main.TestSuiteExecutor.accessTestSuiteMainPhase(TestSuiteExecutor.java:144)
	at com.kms.katalon.core.main.TestSuiteExecutor.execute(TestSuiteExecutor.java:106)
	at com.kms.katalon.core.main.TestCaseMain.startTestSuite(TestCaseMain.java:185)
	at com.kms.katalon.core.main.TestCaseMain$startTestSuite$0.call(Unknown Source)
	at TempTestSuite1667648012325.run(TempTestSuite1667648012325.groovy:36)
Caused by: com.kms.katalon.core.webui.exception.WebElementNotFoundException: Web element with id: 'Object Repository/Website/Auth/Object - Logout Account/Button - Logout' located by '//*[@id="list-item-4386"]/div[2][count(. | //*[@class = 'v-list-item__title']) = count(//*[@class = 'v-list-item__title'])]' not found
	at com.kms.katalon.core.webui.common.WebUiCommonHelper.findWebElement(WebUiCommonHelper.java:1370)
	at com.kms.katalon.core.webui.keyword.internal.WebUIAbstractKeyword.findWebElement(WebUIAbstractKeyword.groovy:27)
	at com.kms.katalon.core.webui.keyword.builtin.ClickKeyword$_click_closure1.doCall(ClickKeyword.groovy:65)
	at com.kms.katalon.core.webui.keyword.builtin.ClickKeyword$_click_closure1.call(ClickKeyword.groovy)
	at com.kms.katalon.core.webui.keyword.internal.WebUIKeywordMain.runKeyword(WebUIKeywordMain.groovy:20)
	at com.kms.katalon.core.webui.keyword.builtin.ClickKeyword.click(ClickKeyword.groovy:74)
	at com.kms.katalon.core.webui.keyword.builtin.ClickKeyword.execute(ClickKeyword.groovy:40)
	at com.kms.katalon.core.keyword.internal.KeywordExecutor.executeKeywordForPlatform(KeywordExecutor.groovy:74)
	at com.kms.katalon.core.webui.keyword.WebUiBuiltInKeywords.click(WebUiBuiltInKeywords.groovy:620)
	at com.kms.katalon.core.webui.keyword.WebUiBuiltInKeywords$click$1.call(Unknown Source)
	at Script1667546550973.run(Script1667546550973.groovy:24)
	... 13 more
)
[[ATTACHMENT|C:\\Users\\iputu\\Katalon Studio\\Mini project\\Reports\\20221105_193332\\Regression Test Website\\20221105_193332\\1667648124553.png]]]]></system-out>
         <system-err><![CDATA[2022-11-05 19:34:36 - [TEST_CASE][FAILED] - Test Cases/Website/Auth/TC003_Logout Account: Test Cases/Website/Auth/TC003_Logout Account FAILED.
Reason:
com.kms.katalon.core.exception.StepFailedException: Unable to click on object 'Object Repository/Website/Auth/Object - Logout Account/Button - Logout'
	at com.kms.katalon.core.webui.keyword.internal.WebUIKeywordMain.stepFailed(WebUIKeywordMain.groovy:64)
	at com.kms.katalon.core.webui.keyword.internal.WebUIKeywordMain.runKeyword(WebUIKeywordMain.groovy:26)
	at com.kms.katalon.core.webui.keyword.builtin.ClickKeyword.click(ClickKeyword.groovy:74)
	at com.kms.katalon.core.webui.keyword.builtin.ClickKeyword.execute(ClickKeyword.groovy:40)
	at com.kms.katalon.core.keyword.internal.KeywordExecutor.executeKeywordForPlatform(KeywordExecutor.groovy:74)
	at com.kms.katalon.core.webui.keyword.WebUiBuiltInKeywords.click(WebUiBuiltInKeywords.groovy:620)
	at com.kms.katalon.core.webui.keyword.WebUiBuiltInKeywords$click$1.call(Unknown Source)
	at TC003_Logout Account.run(TC003_Logout Account:24)
	at com.kms.katalon.core.main.ScriptEngine.run(ScriptEngine.java:194)
	at com.kms.katalon.core.main.ScriptEngine.runScriptAsRawText(ScriptEngine.java:119)
	at com.kms.katalon.core.main.TestCaseExecutor.runScript(TestCaseExecutor.java:445)
	at com.kms.katalon.core.main.TestCaseExecutor.doExecute(TestCaseExecutor.java:436)
	at com.kms.katalon.core.main.TestCaseExecutor.processExecutionPhase(TestCaseExecutor.java:415)
	at com.kms.katalon.core.main.TestCaseExecutor.accessMainPhase(TestCaseExecutor.java:407)
	at com.kms.katalon.core.main.TestCaseExecutor.execute(TestCaseExecutor.java:284)
	at com.kms.katalon.core.common.CommonExecutor.accessTestCaseMainPhase(CommonExecutor.java:65)
	at com.kms.katalon.core.main.TestSuiteExecutor.accessTestSuiteMainPhase(TestSuiteExecutor.java:144)
	at com.kms.katalon.core.main.TestSuiteExecutor.execute(TestSuiteExecutor.java:106)
	at com.kms.katalon.core.main.TestCaseMain.startTestSuite(TestCaseMain.java:185)
	at com.kms.katalon.core.main.TestCaseMain$startTestSuite$0.call(Unknown Source)
	at TempTestSuite1667648012325.run(TempTestSuite1667648012325.groovy:36)
Caused by: com.kms.katalon.core.webui.exception.WebElementNotFoundException: Web element with id: 'Object Repository/Website/Auth/Object - Logout Account/Button - Logout' located by '//*[@id="list-item-4386"]/div[2][count(. | //*[@class = 'v-list-item__title']) = count(//*[@class = 'v-list-item__title'])]' not found
	at com.kms.katalon.core.webui.common.WebUiCommonHelper.findWebElement(WebUiCommonHelper.java:1370)
	at com.kms.katalon.core.webui.keyword.internal.WebUIAbstractKeyword.findWebElement(WebUIAbstractKeyword.groovy:27)
	at com.kms.katalon.core.webui.keyword.builtin.ClickKeyword$_click_closure1.doCall(ClickKeyword.groovy:65)
	at com.kms.katalon.core.webui.keyword.builtin.ClickKeyword$_click_closure1.call(ClickKeyword.groovy)
	at com.kms.katalon.core.webui.keyword.internal.WebUIKeywordMain.runKeyword(WebUIKeywordMain.groovy:20)
	... 19 more]]></system-err>
      </testcase>
      <testcase name="Test Cases/Website/Homepage/TC004_Select Category" time="53.536" classname="Test Cases/Website/Homepage/TC004_Select Category" status="FAILED">
         <failure type="FAILED" message="Test Cases/Website/Homepage/TC004_Select Category FAILED.
Reason:
com.kms.katalon.core.exception.StepFailedException: Unable to click on object 'Object Repository/Website/Homepage/Object - Select Category/Select Category'
	at com.kms.katalon.core.webui.keyword.internal.WebUIKeywordMain.stepFailed(WebUIKeywordMain.groovy:64)
	at com.kms.katalon.core.webui.keyword.internal.WebUIKeywordMain.runKeyword(WebUIKeywordMain.groovy:26)
	at com.kms.katalon.core.webui.keyword.builtin.ClickKeyword.click(ClickKeyword.groovy:74)
	at com.kms.katalon.core.webui.keyword.builtin.ClickKeyword.execute(ClickKeyword.groovy:40)
	at com.kms.katalon.core.keyword.internal.KeywordExecutor.executeKeywordForPlatform(KeywordExecutor.groovy:74)
	at com.kms.katalon.core.webui.keyword.WebUiBuiltInKeywords.click(WebUiBuiltInKeywords.groovy:620)
	at com.kms.katalon.core.webui.keyword.WebUiBuiltInKeywords$click$1.call(Unknown Source)
	at TC004_Select Category.run(TC004_Select Category:24)
	at com.kms.katalon.core.main.ScriptEngine.run(ScriptEngine.java:194)
	at com.kms.katalon.core.main.ScriptEngine.runScriptAsRawText(ScriptEngine.java:119)
	at com.kms.katalon.core.main.TestCaseExecutor.runScript(TestCaseExecutor.java:445)
	at com.kms.katalon.core.main.TestCaseExecutor.doExecute(TestCaseExecutor.java:436)
	at com.kms.katalon.core.main.TestCaseExecutor.processExecutionPhase(TestCaseExecutor.java:415)
	at com.kms.katalon.core.main.TestCaseExecutor.accessMainPhase(TestCaseExecutor.java:407)
	at com.kms.katalon.core.main.TestCaseExecutor.execute(TestCaseExecutor.java:284)
	at com.kms.katalon.core.common.CommonExecutor.accessTestCaseMainPhase(CommonExecutor.java:65)
	at com.kms.katalon.core.main.TestSuiteExecutor.accessTestSuiteMainPhase(TestSuiteExecutor.java:144)
	at com.kms.katalon.core.main.TestSuiteExecutor.execute(TestSuiteExecutor.java:106)
	at com.kms.katalon.core.main.TestCaseMain.startTestSuite(TestCaseMain.java:185)
	at com.kms.katalon.core.main.TestCaseMain$startTestSuite$0.call(Unknown Source)
	at TempTestSuite1667648012325.run(TempTestSuite1667648012325.groovy:36)
Caused by: com.kms.katalon.core.webui.exception.WebElementNotFoundException: Web element with id: 'Object Repository/Website/Homepage/Object - Select Category/Select Category' located by '//*[@id=&quot;list-item-4383-0&quot;]/div/div' not found
	at com.kms.katalon.core.webui.common.WebUiCommonHelper.findWebElement(WebUiCommonHelper.java:1370)
	at com.kms.katalon.core.webui.keyword.internal.WebUIAbstractKeyword.findWebElement(WebUIAbstractKeyword.groovy:27)
	at com.kms.katalon.core.webui.keyword.builtin.ClickKeyword$_click_closure1.doCall(ClickKeyword.groovy:65)
	at com.kms.katalon.core.webui.keyword.builtin.ClickKeyword$_click_closure1.call(ClickKeyword.groovy)
	at com.kms.katalon.core.webui.keyword.internal.WebUIKeywordMain.runKeyword(WebUIKeywordMain.groovy:20)
	... 19 more
"/>
         <system-out><![CDATA[2022-11-05 19:35:24 - [TEST_CASE][FAILED] - Test Cases/Website/Homepage/TC004_Select Category: Test Cases/Website/Homepage/TC004_Select Category FAILED.
Reason:
com.kms.katalon.core.exception.StepFailedException: Unable to click on object 'Object Repository/Website/Homepage/Object - Select Category/Select Category'
	at com.kms.katalon.core.webui.keyword.internal.WebUIKeywordMain.stepFailed(WebUIKeywordMain.groovy:64)
	at com.kms.katalon.core.webui.keyword.internal.WebUIKeywordMain.runKeyword(WebUIKeywordMain.groovy:26)
	at com.kms.katalon.core.webui.keyword.builtin.ClickKeyword.click(ClickKeyword.groovy:74)
	at com.kms.katalon.core.webui.keyword.builtin.ClickKeyword.execute(ClickKeyword.groovy:40)
	at com.kms.katalon.core.keyword.internal.KeywordExecutor.executeKeywordForPlatform(KeywordExecutor.groovy:74)
	at com.kms.katalon.core.webui.keyword.WebUiBuiltInKeywords.click(WebUiBuiltInKeywords.groovy:620)
	at com.kms.katalon.core.webui.keyword.WebUiBuiltInKeywords$click$1.call(Unknown Source)
	at TC004_Select Category.run(TC004_Select Category:24)
	at com.kms.katalon.core.main.ScriptEngine.run(ScriptEngine.java:194)
	at com.kms.katalon.core.main.ScriptEngine.runScriptAsRawText(ScriptEngine.java:119)
	at com.kms.katalon.core.main.TestCaseExecutor.runScript(TestCaseExecutor.java:445)
	at com.kms.katalon.core.main.TestCaseExecutor.doExecute(TestCaseExecutor.java:436)
	at com.kms.katalon.core.main.TestCaseExecutor.processExecutionPhase(TestCaseExecutor.java:415)
	at com.kms.katalon.core.main.TestCaseExecutor.accessMainPhase(TestCaseExecutor.java:407)
	at com.kms.katalon.core.main.TestCaseExecutor.execute(TestCaseExecutor.java:284)
	at com.kms.katalon.core.common.CommonExecutor.accessTestCaseMainPhase(CommonExecutor.java:65)
	at com.kms.katalon.core.main.TestSuiteExecutor.accessTestSuiteMainPhase(TestSuiteExecutor.java:144)
	at com.kms.katalon.core.main.TestSuiteExecutor.execute(TestSuiteExecutor.java:106)
	at com.kms.katalon.core.main.TestCaseMain.startTestSuite(TestCaseMain.java:185)
	at com.kms.katalon.core.main.TestCaseMain$startTestSuite$0.call(Unknown Source)
	at TempTestSuite1667648012325.run(TempTestSuite1667648012325.groovy:36)
Caused by: com.kms.katalon.core.webui.exception.WebElementNotFoundException: Web element with id: 'Object Repository/Website/Homepage/Object - Select Category/Select Category' located by '//*[@id="list-item-4383-0"]/div/div' not found
	at com.kms.katalon.core.webui.common.WebUiCommonHelper.findWebElement(WebUiCommonHelper.java:1370)
	at com.kms.katalon.core.webui.keyword.internal.WebUIAbstractKeyword.findWebElement(WebUIAbstractKeyword.groovy:27)
	at com.kms.katalon.core.webui.keyword.builtin.ClickKeyword$_click_closure1.doCall(ClickKeyword.groovy:65)
	at com.kms.katalon.core.webui.keyword.builtin.ClickKeyword$_click_closure1.call(ClickKeyword.groovy)
	at com.kms.katalon.core.webui.keyword.internal.WebUIKeywordMain.runKeyword(WebUIKeywordMain.groovy:20)
	... 19 more


2022-11-05 19:35:25 - [TEST_STEP][PASSED] - callTestCase(findTestCase("Website/Auth/TC002_Login Account"), [:], STOP_ON_FAILURE): Call Test Case 'Test Cases/Website/Auth/TC002_Login Account' successfully

2022-11-05 19:35:25 - [TEST_CASE][PASSED] - Test Cases/Website/Auth/TC002_Login Account: Test Cases/Website/Auth/TC002_Login Account

2022-11-05 19:35:25 - [TEST_STEP][PASSED] - openBrowser(""): Browser is opened with url: ''

2022-11-05 19:35:25 - [MESSAGE][WARNING] - A browser is already opened. Closing browser and opening a new one

2022-11-05 19:35:25 - [MESSAGE][INFO] - Starting 'Chrome' driver

2022-11-05 19:35:25 - [MESSAGE][INFO] - Action delay is set to 0 milliseconds

2022-11-05 19:35:27 - [MESSAGE][PASSED] - Browser is opened with url: ''

2022-11-05 19:35:27 - [TEST_STEP][PASSED] - navigateToUrl("https://alta-shop.vercel.app/"): Navigate to 'https://alta-shop.vercel.app/' successfully

2022-11-05 19:35:35 - [MESSAGE][PASSED] - Navigate to 'https://alta-shop.vercel.app/' successfully

2022-11-05 19:35:35 - [TEST_STEP][PASSED] - click(findTestObject("Object Repository/Website/Auth/Object - Login Account/i_AltaShop_v-icon notranslate fas fa-sign-i_3d16a9")): Object: 'Object Repository/Website/Auth/Object - Login Account/i_AltaShop_v-icon notranslate fas fa-sign-i_3d16a9' is clicked on

2022-11-05 19:35:39 - [MESSAGE][PASSED] - Object: 'Object Repository/Website/Auth/Object - Login Account/i_AltaShop_v-icon notranslate fas fa-sign-i_3d16a9' is clicked on

2022-11-05 19:35:39 - [TEST_STEP][PASSED] - setText(findTestObject("Object Repository/Website/Auth/Object - Login Account/input_Email_input-1487"), "test5@email.com"): Text 'test5@email.com' is set on object 'Object Repository/Website/Auth/Object - Login Account/input_Email_input-1487'

2022-11-05 19:35:40 - [MESSAGE][PASSED] - Text 'test5@email.com' is set on object 'Object Repository/Website/Auth/Object - Login Account/input_Email_input-1487'

2022-11-05 19:35:40 - [TEST_STEP][PASSED] - setText(findTestObject("Object Repository/Website/Auth/Object - Login Account/input_Password_input-1490"), "1234567890"): Text '1234567890' is set on object 'Object Repository/Website/Auth/Object - Login Account/input_Password_input-1490'

2022-11-05 19:35:41 - [MESSAGE][PASSED] - Text '1234567890' is set on object 'Object Repository/Website/Auth/Object - Login Account/input_Password_input-1490'

2022-11-05 19:35:41 - [TEST_STEP][PASSED] - click(findTestObject("Object Repository/Website/Auth/Object - Login Account/span_Login")): Object: 'Object Repository/Website/Auth/Object - Login Account/span_Login' is clicked on

2022-11-05 19:35:41 - [MESSAGE][PASSED] - Object: 'Object Repository/Website/Auth/Object - Login Account/span_Login' is clicked on

2022-11-05 19:35:41 - [MESSAGE][PASSED] - Call Test Case 'Test Cases/Website/Auth/TC002_Login Account' successfully

2022-11-05 19:35:41 - [TEST_STEP][PASSED] - click(findTestObject("Website/Homepage/Object - Select Category/Dropdown Category")): Object: 'Object Repository/Website/Homepage/Object - Select Category/Dropdown Category' is clicked on

2022-11-05 19:35:46 - [MESSAGE][PASSED] - Object: 'Object Repository/Website/Homepage/Object - Select Category/Dropdown Category' is clicked on

2022-11-05 19:35:46 - [TEST_STEP][FAILED] - click(findTestObject("Website/Homepage/Object - Select Category/Select Category")): Unable to click on object 'Object Repository/Website/Homepage/Object - Select Category/Select Category' (Root cause: com.kms.katalon.core.exception.StepFailedException: Unable to click on object 'Object Repository/Website/Homepage/Object - Select Category/Select Category'
	at com.kms.katalon.core.webui.keyword.internal.WebUIKeywordMain.stepFailed(WebUIKeywordMain.groovy:64)
	at com.kms.katalon.core.webui.keyword.internal.WebUIKeywordMain.runKeyword(WebUIKeywordMain.groovy:26)
	at com.kms.katalon.core.webui.keyword.builtin.ClickKeyword.click(ClickKeyword.groovy:74)
	at com.kms.katalon.core.webui.keyword.builtin.ClickKeyword.execute(ClickKeyword.groovy:40)
	at com.kms.katalon.core.keyword.internal.KeywordExecutor.executeKeywordForPlatform(KeywordExecutor.groovy:74)
	at com.kms.katalon.core.webui.keyword.WebUiBuiltInKeywords.click(WebUiBuiltInKeywords.groovy:620)
	at com.kms.katalon.core.webui.keyword.WebUiBuiltInKeywords$click$1.call(Unknown Source)
	at TC004_Select Category.run(TC004_Select Category:24)
	at com.kms.katalon.core.main.ScriptEngine.run(ScriptEngine.java:194)
	at com.kms.katalon.core.main.ScriptEngine.runScriptAsRawText(ScriptEngine.java:119)
	at com.kms.katalon.core.main.TestCaseExecutor.runScript(TestCaseExecutor.java:445)
	at com.kms.katalon.core.main.TestCaseExecutor.doExecute(TestCaseExecutor.java:436)
	at com.kms.katalon.core.main.TestCaseExecutor.processExecutionPhase(TestCaseExecutor.java:415)
	at com.kms.katalon.core.main.TestCaseExecutor.accessMainPhase(TestCaseExecutor.java:407)
	at com.kms.katalon.core.main.TestCaseExecutor.execute(TestCaseExecutor.java:284)
	at com.kms.katalon.core.common.CommonExecutor.accessTestCaseMainPhase(CommonExecutor.java:65)
	at com.kms.katalon.core.main.TestSuiteExecutor.accessTestSuiteMainPhase(TestSuiteExecutor.java:144)
	at com.kms.katalon.core.main.TestSuiteExecutor.execute(TestSuiteExecutor.java:106)
	at com.kms.katalon.core.main.TestCaseMain.startTestSuite(TestCaseMain.java:185)
	at com.kms.katalon.core.main.TestCaseMain$startTestSuite$0.call(Unknown Source)
	at TempTestSuite1667648012325.run(TempTestSuite1667648012325.groovy:36)
Caused by: com.kms.katalon.core.webui.exception.WebElementNotFoundException: Web element with id: 'Object Repository/Website/Homepage/Object - Select Category/Select Category' located by '//*[@id="list-item-4383-0"]/div/div' not found
	at com.kms.katalon.core.webui.common.WebUiCommonHelper.findWebElement(WebUiCommonHelper.java:1370)
	at com.kms.katalon.core.webui.keyword.internal.WebUIAbstractKeyword.findWebElement(WebUIAbstractKeyword.groovy:27)
	at com.kms.katalon.core.webui.keyword.builtin.ClickKeyword$_click_closure1.doCall(ClickKeyword.groovy:65)
	at com.kms.katalon.core.webui.keyword.builtin.ClickKeyword$_click_closure1.call(ClickKeyword.groovy)
	at com.kms.katalon.core.webui.keyword.internal.WebUIKeywordMain.runKeyword(WebUIKeywordMain.groovy:20)
	at com.kms.katalon.core.webui.keyword.builtin.ClickKeyword.click(ClickKeyword.groovy:74)
	at com.kms.katalon.core.webui.keyword.builtin.ClickKeyword.execute(ClickKeyword.groovy:40)
	at com.kms.katalon.core.keyword.internal.KeywordExecutor.executeKeywordForPlatform(KeywordExecutor.groovy:74)
	at com.kms.katalon.core.webui.keyword.WebUiBuiltInKeywords.click(WebUiBuiltInKeywords.groovy:620)
	at com.kms.katalon.core.webui.keyword.WebUiBuiltInKeywords$click$1.call(Unknown Source)
	at Script1667546577500.run(Script1667546577500.groovy:24)
	... 13 more
)

2022-11-05 19:36:18 - [MESSAGE][INFO] - Unable to find the element located by 'By.xpath: //*[@id="list-item-4383-0"]/div/div'. Please recheck the objects properties to make sure the desired element is located. 

2022-11-05 19:36:18 - [MESSAGE][FAILED] - Unable to click on object 'Object Repository/Website/Homepage/Object - Select Category/Select Category' (Root cause: com.kms.katalon.core.exception.StepFailedException: Unable to click on object 'Object Repository/Website/Homepage/Object - Select Category/Select Category'
	at com.kms.katalon.core.webui.keyword.internal.WebUIKeywordMain.stepFailed(WebUIKeywordMain.groovy:64)
	at com.kms.katalon.core.webui.keyword.internal.WebUIKeywordMain.runKeyword(WebUIKeywordMain.groovy:26)
	at com.kms.katalon.core.webui.keyword.builtin.ClickKeyword.click(ClickKeyword.groovy:74)
	at com.kms.katalon.core.webui.keyword.builtin.ClickKeyword.execute(ClickKeyword.groovy:40)
	at com.kms.katalon.core.keyword.internal.KeywordExecutor.executeKeywordForPlatform(KeywordExecutor.groovy:74)
	at com.kms.katalon.core.webui.keyword.WebUiBuiltInKeywords.click(WebUiBuiltInKeywords.groovy:620)
	at com.kms.katalon.core.webui.keyword.WebUiBuiltInKeywords$click$1.call(Unknown Source)
	at TC004_Select Category.run(TC004_Select Category:24)
	at com.kms.katalon.core.main.ScriptEngine.run(ScriptEngine.java:194)
	at com.kms.katalon.core.main.ScriptEngine.runScriptAsRawText(ScriptEngine.java:119)
	at com.kms.katalon.core.main.TestCaseExecutor.runScript(TestCaseExecutor.java:445)
	at com.kms.katalon.core.main.TestCaseExecutor.doExecute(TestCaseExecutor.java:436)
	at com.kms.katalon.core.main.TestCaseExecutor.processExecutionPhase(TestCaseExecutor.java:415)
	at com.kms.katalon.core.main.TestCaseExecutor.accessMainPhase(TestCaseExecutor.java:407)
	at com.kms.katalon.core.main.TestCaseExecutor.execute(TestCaseExecutor.java:284)
	at com.kms.katalon.core.common.CommonExecutor.accessTestCaseMainPhase(CommonExecutor.java:65)
	at com.kms.katalon.core.main.TestSuiteExecutor.accessTestSuiteMainPhase(TestSuiteExecutor.java:144)
	at com.kms.katalon.core.main.TestSuiteExecutor.execute(TestSuiteExecutor.java:106)
	at com.kms.katalon.core.main.TestCaseMain.startTestSuite(TestCaseMain.java:185)
	at com.kms.katalon.core.main.TestCaseMain$startTestSuite$0.call(Unknown Source)
	at TempTestSuite1667648012325.run(TempTestSuite1667648012325.groovy:36)
Caused by: com.kms.katalon.core.webui.exception.WebElementNotFoundException: Web element with id: 'Object Repository/Website/Homepage/Object - Select Category/Select Category' located by '//*[@id="list-item-4383-0"]/div/div' not found
	at com.kms.katalon.core.webui.common.WebUiCommonHelper.findWebElement(WebUiCommonHelper.java:1370)
	at com.kms.katalon.core.webui.keyword.internal.WebUIAbstractKeyword.findWebElement(WebUIAbstractKeyword.groovy:27)
	at com.kms.katalon.core.webui.keyword.builtin.ClickKeyword$_click_closure1.doCall(ClickKeyword.groovy:65)
	at com.kms.katalon.core.webui.keyword.builtin.ClickKeyword$_click_closure1.call(ClickKeyword.groovy)
	at com.kms.katalon.core.webui.keyword.internal.WebUIKeywordMain.runKeyword(WebUIKeywordMain.groovy:20)
	at com.kms.katalon.core.webui.keyword.builtin.ClickKeyword.click(ClickKeyword.groovy:74)
	at com.kms.katalon.core.webui.keyword.builtin.ClickKeyword.execute(ClickKeyword.groovy:40)
	at com.kms.katalon.core.keyword.internal.KeywordExecutor.executeKeywordForPlatform(KeywordExecutor.groovy:74)
	at com.kms.katalon.core.webui.keyword.WebUiBuiltInKeywords.click(WebUiBuiltInKeywords.groovy:620)
	at com.kms.katalon.core.webui.keyword.WebUiBuiltInKeywords$click$1.call(Unknown Source)
	at Script1667546577500.run(Script1667546577500.groovy:24)
	... 13 more
)
[[ATTACHMENT|C:\\Users\\iputu\\Katalon Studio\\Mini project\\Reports\\20221105_193332\\Regression Test Website\\20221105_193332\\1667648178147.png]]]]></system-out>
         <system-err><![CDATA[2022-11-05 19:35:24 - [TEST_CASE][FAILED] - Test Cases/Website/Homepage/TC004_Select Category: Test Cases/Website/Homepage/TC004_Select Category FAILED.
Reason:
com.kms.katalon.core.exception.StepFailedException: Unable to click on object 'Object Repository/Website/Homepage/Object - Select Category/Select Category'
	at com.kms.katalon.core.webui.keyword.internal.WebUIKeywordMain.stepFailed(WebUIKeywordMain.groovy:64)
	at com.kms.katalon.core.webui.keyword.internal.WebUIKeywordMain.runKeyword(WebUIKeywordMain.groovy:26)
	at com.kms.katalon.core.webui.keyword.builtin.ClickKeyword.click(ClickKeyword.groovy:74)
	at com.kms.katalon.core.webui.keyword.builtin.ClickKeyword.execute(ClickKeyword.groovy:40)
	at com.kms.katalon.core.keyword.internal.KeywordExecutor.executeKeywordForPlatform(KeywordExecutor.groovy:74)
	at com.kms.katalon.core.webui.keyword.WebUiBuiltInKeywords.click(WebUiBuiltInKeywords.groovy:620)
	at com.kms.katalon.core.webui.keyword.WebUiBuiltInKeywords$click$1.call(Unknown Source)
	at TC004_Select Category.run(TC004_Select Category:24)
	at com.kms.katalon.core.main.ScriptEngine.run(ScriptEngine.java:194)
	at com.kms.katalon.core.main.ScriptEngine.runScriptAsRawText(ScriptEngine.java:119)
	at com.kms.katalon.core.main.TestCaseExecutor.runScript(TestCaseExecutor.java:445)
	at com.kms.katalon.core.main.TestCaseExecutor.doExecute(TestCaseExecutor.java:436)
	at com.kms.katalon.core.main.TestCaseExecutor.processExecutionPhase(TestCaseExecutor.java:415)
	at com.kms.katalon.core.main.TestCaseExecutor.accessMainPhase(TestCaseExecutor.java:407)
	at com.kms.katalon.core.main.TestCaseExecutor.execute(TestCaseExecutor.java:284)
	at com.kms.katalon.core.common.CommonExecutor.accessTestCaseMainPhase(CommonExecutor.java:65)
	at com.kms.katalon.core.main.TestSuiteExecutor.accessTestSuiteMainPhase(TestSuiteExecutor.java:144)
	at com.kms.katalon.core.main.TestSuiteExecutor.execute(TestSuiteExecutor.java:106)
	at com.kms.katalon.core.main.TestCaseMain.startTestSuite(TestCaseMain.java:185)
	at com.kms.katalon.core.main.TestCaseMain$startTestSuite$0.call(Unknown Source)
	at TempTestSuite1667648012325.run(TempTestSuite1667648012325.groovy:36)
Caused by: com.kms.katalon.core.webui.exception.WebElementNotFoundException: Web element with id: 'Object Repository/Website/Homepage/Object - Select Category/Select Category' located by '//*[@id="list-item-4383-0"]/div/div' not found
	at com.kms.katalon.core.webui.common.WebUiCommonHelper.findWebElement(WebUiCommonHelper.java:1370)
	at com.kms.katalon.core.webui.keyword.internal.WebUIAbstractKeyword.findWebElement(WebUIAbstractKeyword.groovy:27)
	at com.kms.katalon.core.webui.keyword.builtin.ClickKeyword$_click_closure1.doCall(ClickKeyword.groovy:65)
	at com.kms.katalon.core.webui.keyword.builtin.ClickKeyword$_click_closure1.call(ClickKeyword.groovy)
	at com.kms.katalon.core.webui.keyword.internal.WebUIKeywordMain.runKeyword(WebUIKeywordMain.groovy:20)
	... 19 more]]></system-err>
      </testcase>
      <testcase name="Test Cases/Website/Homepage/TC005_View Items" time="36.65" classname="Test Cases/Website/Homepage/TC005_View Items" status="PASSED">
         <system-out><![CDATA[2022-11-05 19:36:18 - [TEST_CASE][PASSED] - Test Cases/Website/Homepage/TC005_View Items: Test Cases/Website/Homepage/TC005_View Items

2022-11-05 19:36:18 - [TEST_STEP][PASSED] - callTestCase(findTestCase("Website/Auth/TC002_Login Account"), [:], STOP_ON_FAILURE): Call Test Case 'Test Cases/Website/Auth/TC002_Login Account' successfully

2022-11-05 19:36:18 - [TEST_CASE][PASSED] - Test Cases/Website/Auth/TC002_Login Account: Test Cases/Website/Auth/TC002_Login Account

2022-11-05 19:36:18 - [TEST_STEP][PASSED] - openBrowser(""): Browser is opened with url: ''

2022-11-05 19:36:18 - [MESSAGE][WARNING] - A browser is already opened. Closing browser and opening a new one

2022-11-05 19:36:19 - [MESSAGE][INFO] - Starting 'Chrome' driver

2022-11-05 19:36:19 - [MESSAGE][INFO] - Action delay is set to 0 milliseconds

2022-11-05 19:36:20 - [MESSAGE][PASSED] - Browser is opened with url: ''

2022-11-05 19:36:20 - [TEST_STEP][PASSED] - navigateToUrl("https://alta-shop.vercel.app/"): Navigate to 'https://alta-shop.vercel.app/' successfully

2022-11-05 19:36:31 - [MESSAGE][PASSED] - Navigate to 'https://alta-shop.vercel.app/' successfully

2022-11-05 19:36:31 - [TEST_STEP][PASSED] - click(findTestObject("Object Repository/Website/Auth/Object - Login Account/i_AltaShop_v-icon notranslate fas fa-sign-i_3d16a9")): Object: 'Object Repository/Website/Auth/Object - Login Account/i_AltaShop_v-icon notranslate fas fa-sign-i_3d16a9' is clicked on

2022-11-05 19:36:41 - [MESSAGE][PASSED] - Object: 'Object Repository/Website/Auth/Object - Login Account/i_AltaShop_v-icon notranslate fas fa-sign-i_3d16a9' is clicked on

2022-11-05 19:36:41 - [TEST_STEP][PASSED] - setText(findTestObject("Object Repository/Website/Auth/Object - Login Account/input_Email_input-1487"), "test5@email.com"): Text 'test5@email.com' is set on object 'Object Repository/Website/Auth/Object - Login Account/input_Email_input-1487'

2022-11-05 19:36:42 - [MESSAGE][PASSED] - Text 'test5@email.com' is set on object 'Object Repository/Website/Auth/Object - Login Account/input_Email_input-1487'

2022-11-05 19:36:42 - [TEST_STEP][PASSED] - setText(findTestObject("Object Repository/Website/Auth/Object - Login Account/input_Password_input-1490"), "1234567890"): Text '1234567890' is set on object 'Object Repository/Website/Auth/Object - Login Account/input_Password_input-1490'

2022-11-05 19:36:43 - [MESSAGE][PASSED] - Text '1234567890' is set on object 'Object Repository/Website/Auth/Object - Login Account/input_Password_input-1490'

2022-11-05 19:36:43 - [TEST_STEP][PASSED] - click(findTestObject("Object Repository/Website/Auth/Object - Login Account/span_Login")): Object: 'Object Repository/Website/Auth/Object - Login Account/span_Login' is clicked on

2022-11-05 19:36:43 - [MESSAGE][PASSED] - Object: 'Object Repository/Website/Auth/Object - Login Account/span_Login' is clicked on

2022-11-05 19:36:43 - [MESSAGE][PASSED] - Call Test Case 'Test Cases/Website/Auth/TC002_Login Account' successfully

2022-11-05 19:36:43 - [TEST_STEP][PASSED] - verifyElementPresent(findTestObject("Website/Homepage/Object - View Items/Verify Object - Button Beli"), 0): Object 'Object Repository/Website/Homepage/Object - View Items/Verify Object - Button Beli' is present

2022-11-05 19:36:43 - [MESSAGE][WARNING] - Timeout '0' is invalid. Using default page load timeout: '30'

2022-11-05 19:36:54 - [MESSAGE][PASSED] - Object 'Object Repository/Website/Homepage/Object - View Items/Verify Object - Button Beli' is present

2022-11-05 19:36:54 - [TEST_STEP][PASSED] - verifyElementPresent(findTestObject("Website/Homepage/Object - View Items/Verify Object - Button Detail"), 0): Object 'Object Repository/Website/Homepage/Object - View Items/Verify Object - Button Detail' is present

2022-11-05 19:36:54 - [MESSAGE][WARNING] - Timeout '0' is invalid. Using default page load timeout: '30'

2022-11-05 19:36:54 - [MESSAGE][PASSED] - Object 'Object Repository/Website/Homepage/Object - View Items/Verify Object - Button Detail' is present]]></system-out>
         <system-err><![CDATA[]]></system-err>
      </testcase>
      <testcase name="Test Cases/Website/Homepage/TC006_Buy Items" time="18.032" classname="Test Cases/Website/Homepage/TC006_Buy Items" status="PASSED">
         <system-out><![CDATA[2022-11-05 19:36:54 - [TEST_CASE][PASSED] - Test Cases/Website/Homepage/TC006_Buy Items: Test Cases/Website/Homepage/TC006_Buy Items

2022-11-05 19:36:55 - [TEST_STEP][PASSED] - callTestCase(findTestCase("Website/Auth/TC002_Login Account"), [:], STOP_ON_FAILURE): Call Test Case 'Test Cases/Website/Auth/TC002_Login Account' successfully

2022-11-05 19:36:55 - [TEST_CASE][PASSED] - Test Cases/Website/Auth/TC002_Login Account: Test Cases/Website/Auth/TC002_Login Account

2022-11-05 19:36:55 - [TEST_STEP][PASSED] - openBrowser(""): Browser is opened with url: ''

2022-11-05 19:36:55 - [MESSAGE][WARNING] - A browser is already opened. Closing browser and opening a new one

2022-11-05 19:36:55 - [MESSAGE][INFO] - Starting 'Chrome' driver

2022-11-05 19:36:55 - [MESSAGE][INFO] - Action delay is set to 0 milliseconds

2022-11-05 19:36:57 - [MESSAGE][PASSED] - Browser is opened with url: ''

2022-11-05 19:36:57 - [TEST_STEP][PASSED] - navigateToUrl("https://alta-shop.vercel.app/"): Navigate to 'https://alta-shop.vercel.app/' successfully

2022-11-05 19:36:59 - [MESSAGE][PASSED] - Navigate to 'https://alta-shop.vercel.app/' successfully

2022-11-05 19:36:59 - [TEST_STEP][PASSED] - click(findTestObject("Object Repository/Website/Auth/Object - Login Account/i_AltaShop_v-icon notranslate fas fa-sign-i_3d16a9")): Object: 'Object Repository/Website/Auth/Object - Login Account/i_AltaShop_v-icon notranslate fas fa-sign-i_3d16a9' is clicked on

2022-11-05 19:37:04 - [MESSAGE][PASSED] - Object: 'Object Repository/Website/Auth/Object - Login Account/i_AltaShop_v-icon notranslate fas fa-sign-i_3d16a9' is clicked on

2022-11-05 19:37:04 - [TEST_STEP][PASSED] - setText(findTestObject("Object Repository/Website/Auth/Object - Login Account/input_Email_input-1487"), "test5@email.com"): Text 'test5@email.com' is set on object 'Object Repository/Website/Auth/Object - Login Account/input_Email_input-1487'

2022-11-05 19:37:05 - [MESSAGE][PASSED] - Text 'test5@email.com' is set on object 'Object Repository/Website/Auth/Object - Login Account/input_Email_input-1487'

2022-11-05 19:37:05 - [TEST_STEP][PASSED] - setText(findTestObject("Object Repository/Website/Auth/Object - Login Account/input_Password_input-1490"), "1234567890"): Text '1234567890' is set on object 'Object Repository/Website/Auth/Object - Login Account/input_Password_input-1490'

2022-11-05 19:37:05 - [MESSAGE][PASSED] - Text '1234567890' is set on object 'Object Repository/Website/Auth/Object - Login Account/input_Password_input-1490'

2022-11-05 19:37:05 - [TEST_STEP][PASSED] - click(findTestObject("Object Repository/Website/Auth/Object - Login Account/span_Login")): Object: 'Object Repository/Website/Auth/Object - Login Account/span_Login' is clicked on

2022-11-05 19:37:06 - [MESSAGE][PASSED] - Object: 'Object Repository/Website/Auth/Object - Login Account/span_Login' is clicked on

2022-11-05 19:37:06 - [MESSAGE][PASSED] - Call Test Case 'Test Cases/Website/Auth/TC002_Login Account' successfully

2022-11-05 19:37:06 - [TEST_STEP][PASSED] - click(findTestObject("Website/Homepage/Object - Buy Items/Button Beli 1")): Object: 'Object Repository/Website/Homepage/Object - Buy Items/Button Beli 1' is clicked on

2022-11-05 19:37:10 - [MESSAGE][PASSED] - Object: 'Object Repository/Website/Homepage/Object - Buy Items/Button Beli 1' is clicked on

2022-11-05 19:37:10 - [TEST_STEP][PASSED] - click(findTestObject("Website/Homepage/Object - Buy Items/Button Beli 2")): Object: 'Object Repository/Website/Homepage/Object - Buy Items/Button Beli 2' is clicked on

2022-11-05 19:37:11 - [MESSAGE][PASSED] - Object: 'Object Repository/Website/Homepage/Object - Buy Items/Button Beli 2' is clicked on

2022-11-05 19:37:11 - [TEST_STEP][PASSED] - click(findTestObject("Website/Homepage/Object - Buy Items/Icon Cart")): Object: 'Object Repository/Website/Homepage/Object - Buy Items/Icon Cart' is clicked on

2022-11-05 19:37:11 - [MESSAGE][PASSED] - Object: 'Object Repository/Website/Homepage/Object - Buy Items/Icon Cart' is clicked on

2022-11-05 19:37:11 - [TEST_STEP][PASSED] - verifyElementPresent(findTestObject("Website/Homepage/Object - Buy Items/Verify Object product 1"), 0): Object 'Object Repository/Website/Homepage/Object - Buy Items/Verify Object product 1' is present

2022-11-05 19:37:11 - [MESSAGE][WARNING] - Timeout '0' is invalid. Using default page load timeout: '30'

2022-11-05 19:37:12 - [MESSAGE][PASSED] - Object 'Object Repository/Website/Homepage/Object - Buy Items/Verify Object product 1' is present

2022-11-05 19:37:12 - [TEST_STEP][PASSED] - verifyElementPresent(findTestObject("Website/Homepage/Object - Buy Items/Verify Object Product 2"), 0): Object 'Object Repository/Website/Homepage/Object - Buy Items/Verify Object Product 2' is present

2022-11-05 19:37:12 - [MESSAGE][WARNING] - Timeout '0' is invalid. Using default page load timeout: '30'

2022-11-05 19:37:12 - [MESSAGE][PASSED] - Object 'Object Repository/Website/Homepage/Object - Buy Items/Verify Object Product 2' is present]]></system-out>
         <system-err><![CDATA[]]></system-err>
      </testcase>
      <testcase name="Test Cases/Website/Shopping Cart/TC007_Reduce Items" time="17.245" classname="Test Cases/Website/Shopping Cart/TC007_Reduce Items" status="PASSED">
         <system-out><![CDATA[2022-11-05 19:37:12 - [TEST_CASE][PASSED] - Test Cases/Website/Shopping Cart/TC007_Reduce Items: Test Cases/Website/Shopping Cart/TC007_Reduce Items

2022-11-05 19:37:13 - [TEST_STEP][PASSED] - callTestCase(findTestCase("Website/Homepage/TC006_Buy Items"), [:], STOP_ON_FAILURE): Call Test Case 'Test Cases/Website/Homepage/TC006_Buy Items' successfully

2022-11-05 19:37:13 - [TEST_CASE][PASSED] - Test Cases/Website/Homepage/TC006_Buy Items: Test Cases/Website/Homepage/TC006_Buy Items

2022-11-05 19:37:13 - [TEST_STEP][PASSED] - callTestCase(findTestCase("Website/Auth/TC002_Login Account"), [:], STOP_ON_FAILURE): Call Test Case 'Test Cases/Website/Auth/TC002_Login Account' successfully

2022-11-05 19:37:13 - [TEST_CASE][PASSED] - Test Cases/Website/Auth/TC002_Login Account: Test Cases/Website/Auth/TC002_Login Account

2022-11-05 19:37:13 - [TEST_STEP][PASSED] - openBrowser(""): Browser is opened with url: ''

2022-11-05 19:37:13 - [MESSAGE][WARNING] - A browser is already opened. Closing browser and opening a new one

2022-11-05 19:37:14 - [MESSAGE][INFO] - Starting 'Chrome' driver

2022-11-05 19:37:14 - [MESSAGE][INFO] - Action delay is set to 0 milliseconds

2022-11-05 19:37:15 - [MESSAGE][PASSED] - Browser is opened with url: ''

2022-11-05 19:37:15 - [TEST_STEP][PASSED] - navigateToUrl("https://alta-shop.vercel.app/"): Navigate to 'https://alta-shop.vercel.app/' successfully

2022-11-05 19:37:16 - [MESSAGE][PASSED] - Navigate to 'https://alta-shop.vercel.app/' successfully

2022-11-05 19:37:16 - [TEST_STEP][PASSED] - click(findTestObject("Object Repository/Website/Auth/Object - Login Account/i_AltaShop_v-icon notranslate fas fa-sign-i_3d16a9")): Object: 'Object Repository/Website/Auth/Object - Login Account/i_AltaShop_v-icon notranslate fas fa-sign-i_3d16a9' is clicked on

2022-11-05 19:37:20 - [MESSAGE][PASSED] - Object: 'Object Repository/Website/Auth/Object - Login Account/i_AltaShop_v-icon notranslate fas fa-sign-i_3d16a9' is clicked on

2022-11-05 19:37:20 - [TEST_STEP][PASSED] - setText(findTestObject("Object Repository/Website/Auth/Object - Login Account/input_Email_input-1487"), "test5@email.com"): Text 'test5@email.com' is set on object 'Object Repository/Website/Auth/Object - Login Account/input_Email_input-1487'

2022-11-05 19:37:21 - [MESSAGE][PASSED] - Text 'test5@email.com' is set on object 'Object Repository/Website/Auth/Object - Login Account/input_Email_input-1487'

2022-11-05 19:37:21 - [TEST_STEP][PASSED] - setText(findTestObject("Object Repository/Website/Auth/Object - Login Account/input_Password_input-1490"), "1234567890"): Text '1234567890' is set on object 'Object Repository/Website/Auth/Object - Login Account/input_Password_input-1490'

2022-11-05 19:37:22 - [MESSAGE][PASSED] - Text '1234567890' is set on object 'Object Repository/Website/Auth/Object - Login Account/input_Password_input-1490'

2022-11-05 19:37:22 - [TEST_STEP][PASSED] - click(findTestObject("Object Repository/Website/Auth/Object - Login Account/span_Login")): Object: 'Object Repository/Website/Auth/Object - Login Account/span_Login' is clicked on

2022-11-05 19:37:22 - [MESSAGE][PASSED] - Object: 'Object Repository/Website/Auth/Object - Login Account/span_Login' is clicked on

2022-11-05 19:37:22 - [MESSAGE][PASSED] - Call Test Case 'Test Cases/Website/Auth/TC002_Login Account' successfully

2022-11-05 19:37:22 - [TEST_STEP][PASSED] - click(findTestObject("Website/Homepage/Object - Buy Items/Button Beli 1")): Object: 'Object Repository/Website/Homepage/Object - Buy Items/Button Beli 1' is clicked on

2022-11-05 19:37:27 - [MESSAGE][PASSED] - Object: 'Object Repository/Website/Homepage/Object - Buy Items/Button Beli 1' is clicked on

2022-11-05 19:37:27 - [TEST_STEP][PASSED] - click(findTestObject("Website/Homepage/Object - Buy Items/Button Beli 2")): Object: 'Object Repository/Website/Homepage/Object - Buy Items/Button Beli 2' is clicked on

2022-11-05 19:37:27 - [MESSAGE][PASSED] - Object: 'Object Repository/Website/Homepage/Object - Buy Items/Button Beli 2' is clicked on

2022-11-05 19:37:27 - [TEST_STEP][PASSED] - click(findTestObject("Website/Homepage/Object - Buy Items/Icon Cart")): Object: 'Object Repository/Website/Homepage/Object - Buy Items/Icon Cart' is clicked on

2022-11-05 19:37:28 - [MESSAGE][PASSED] - Object: 'Object Repository/Website/Homepage/Object - Buy Items/Icon Cart' is clicked on

2022-11-05 19:37:28 - [TEST_STEP][PASSED] - verifyElementPresent(findTestObject("Website/Homepage/Object - Buy Items/Verify Object product 1"), 0): Object 'Object Repository/Website/Homepage/Object - Buy Items/Verify Object product 1' is present

2022-11-05 19:37:28 - [MESSAGE][WARNING] - Timeout '0' is invalid. Using default page load timeout: '30'

2022-11-05 19:37:28 - [MESSAGE][PASSED] - Object 'Object Repository/Website/Homepage/Object - Buy Items/Verify Object product 1' is present

2022-11-05 19:37:28 - [TEST_STEP][PASSED] - verifyElementPresent(findTestObject("Website/Homepage/Object - Buy Items/Verify Object Product 2"), 0): Object 'Object Repository/Website/Homepage/Object - Buy Items/Verify Object Product 2' is present

2022-11-05 19:37:28 - [MESSAGE][WARNING] - Timeout '0' is invalid. Using default page load timeout: '30'

2022-11-05 19:37:29 - [MESSAGE][PASSED] - Object 'Object Repository/Website/Homepage/Object - Buy Items/Verify Object Product 2' is present

2022-11-05 19:37:29 - [MESSAGE][PASSED] - Call Test Case 'Test Cases/Website/Homepage/TC006_Buy Items' successfully

2022-11-05 19:37:29 - [TEST_STEP][PASSED] - click(findTestObject("Website/Shopping Cart/Object - Reduce Items/Button Reduce Items")): Object: 'Object Repository/Website/Shopping Cart/Object - Reduce Items/Button Reduce Items' is clicked on

2022-11-05 19:37:29 - [MESSAGE][PASSED] - Object: 'Object Repository/Website/Shopping Cart/Object - Reduce Items/Button Reduce Items' is clicked on

2022-11-05 19:37:29 - [TEST_STEP][PASSED] - verifyElementNotPresent(findTestObject("Website/Shopping Cart/Object - Reduce Items/Verify Object Item"), 0): Web element with id: 'Object Repository/Website/Shopping Cart/Object - Reduce Items/Verify Object Item' located by 'By.xpath: //*[@id="order-17"]' is not present after '30' second(s)

2022-11-05 19:37:29 - [MESSAGE][WARNING] - Timeout '0' is invalid. Using default page load timeout: '30'

2022-11-05 19:37:30 - [MESSAGE][PASSED] - Web element with id: 'Object Repository/Website/Shopping Cart/Object - Reduce Items/Verify Object Item' located by 'By.xpath: //*[@id="order-17"]' is not present after '30' second(s)]]></system-out>
         <system-err><![CDATA[]]></system-err>
      </testcase>
      <testcase name="Test Cases/Website/Shopping Cart/TC008_Add Items" time="18.616" classname="Test Cases/Website/Shopping Cart/TC008_Add Items" status="PASSED">
         <system-out><![CDATA[2022-11-05 19:37:30 - [TEST_CASE][PASSED] - Test Cases/Website/Shopping Cart/TC008_Add Items: Test Cases/Website/Shopping Cart/TC008_Add Items

2022-11-05 19:37:30 - [TEST_STEP][PASSED] - callTestCase(findTestCase("Website/Homepage/TC006_Buy Items"), [:], STOP_ON_FAILURE): Call Test Case 'Test Cases/Website/Homepage/TC006_Buy Items' successfully

2022-11-05 19:37:30 - [TEST_CASE][PASSED] - Test Cases/Website/Homepage/TC006_Buy Items: Test Cases/Website/Homepage/TC006_Buy Items

2022-11-05 19:37:30 - [TEST_STEP][PASSED] - callTestCase(findTestCase("Website/Auth/TC002_Login Account"), [:], STOP_ON_FAILURE): Call Test Case 'Test Cases/Website/Auth/TC002_Login Account' successfully

2022-11-05 19:37:30 - [TEST_CASE][PASSED] - Test Cases/Website/Auth/TC002_Login Account: Test Cases/Website/Auth/TC002_Login Account

2022-11-05 19:37:30 - [TEST_STEP][PASSED] - openBrowser(""): Browser is opened with url: ''

2022-11-05 19:37:30 - [MESSAGE][WARNING] - A browser is already opened. Closing browser and opening a new one

2022-11-05 19:37:31 - [MESSAGE][INFO] - Starting 'Chrome' driver

2022-11-05 19:37:31 - [MESSAGE][INFO] - Action delay is set to 0 milliseconds

2022-11-05 19:37:32 - [MESSAGE][PASSED] - Browser is opened with url: ''

2022-11-05 19:37:32 - [TEST_STEP][PASSED] - navigateToUrl("https://alta-shop.vercel.app/"): Navigate to 'https://alta-shop.vercel.app/' successfully

2022-11-05 19:37:35 - [MESSAGE][PASSED] - Navigate to 'https://alta-shop.vercel.app/' successfully

2022-11-05 19:37:35 - [TEST_STEP][PASSED] - click(findTestObject("Object Repository/Website/Auth/Object - Login Account/i_AltaShop_v-icon notranslate fas fa-sign-i_3d16a9")): Object: 'Object Repository/Website/Auth/Object - Login Account/i_AltaShop_v-icon notranslate fas fa-sign-i_3d16a9' is clicked on

2022-11-05 19:37:39 - [MESSAGE][PASSED] - Object: 'Object Repository/Website/Auth/Object - Login Account/i_AltaShop_v-icon notranslate fas fa-sign-i_3d16a9' is clicked on

2022-11-05 19:37:39 - [TEST_STEP][PASSED] - setText(findTestObject("Object Repository/Website/Auth/Object - Login Account/input_Email_input-1487"), "test5@email.com"): Text 'test5@email.com' is set on object 'Object Repository/Website/Auth/Object - Login Account/input_Email_input-1487'

2022-11-05 19:37:40 - [MESSAGE][PASSED] - Text 'test5@email.com' is set on object 'Object Repository/Website/Auth/Object - Login Account/input_Email_input-1487'

2022-11-05 19:37:40 - [TEST_STEP][PASSED] - setText(findTestObject("Object Repository/Website/Auth/Object - Login Account/input_Password_input-1490"), "1234567890"): Text '1234567890' is set on object 'Object Repository/Website/Auth/Object - Login Account/input_Password_input-1490'

2022-11-05 19:37:41 - [MESSAGE][PASSED] - Text '1234567890' is set on object 'Object Repository/Website/Auth/Object - Login Account/input_Password_input-1490'

2022-11-05 19:37:41 - [TEST_STEP][PASSED] - click(findTestObject("Object Repository/Website/Auth/Object - Login Account/span_Login")): Object: 'Object Repository/Website/Auth/Object - Login Account/span_Login' is clicked on

2022-11-05 19:37:41 - [MESSAGE][PASSED] - Object: 'Object Repository/Website/Auth/Object - Login Account/span_Login' is clicked on

2022-11-05 19:37:41 - [MESSAGE][PASSED] - Call Test Case 'Test Cases/Website/Auth/TC002_Login Account' successfully

2022-11-05 19:37:41 - [TEST_STEP][PASSED] - click(findTestObject("Website/Homepage/Object - Buy Items/Button Beli 1")): Object: 'Object Repository/Website/Homepage/Object - Buy Items/Button Beli 1' is clicked on

2022-11-05 19:37:45 - [MESSAGE][PASSED] - Object: 'Object Repository/Website/Homepage/Object - Buy Items/Button Beli 1' is clicked on

2022-11-05 19:37:45 - [TEST_STEP][PASSED] - click(findTestObject("Website/Homepage/Object - Buy Items/Button Beli 2")): Object: 'Object Repository/Website/Homepage/Object - Buy Items/Button Beli 2' is clicked on

2022-11-05 19:37:46 - [MESSAGE][PASSED] - Object: 'Object Repository/Website/Homepage/Object - Buy Items/Button Beli 2' is clicked on

2022-11-05 19:37:46 - [TEST_STEP][PASSED] - click(findTestObject("Website/Homepage/Object - Buy Items/Icon Cart")): Object: 'Object Repository/Website/Homepage/Object - Buy Items/Icon Cart' is clicked on

2022-11-05 19:37:46 - [MESSAGE][PASSED] - Object: 'Object Repository/Website/Homepage/Object - Buy Items/Icon Cart' is clicked on

2022-11-05 19:37:46 - [TEST_STEP][PASSED] - verifyElementPresent(findTestObject("Website/Homepage/Object - Buy Items/Verify Object product 1"), 0): Object 'Object Repository/Website/Homepage/Object - Buy Items/Verify Object product 1' is present

2022-11-05 19:37:46 - [MESSAGE][WARNING] - Timeout '0' is invalid. Using default page load timeout: '30'

2022-11-05 19:37:47 - [MESSAGE][PASSED] - Object 'Object Repository/Website/Homepage/Object - Buy Items/Verify Object product 1' is present

2022-11-05 19:37:47 - [TEST_STEP][PASSED] - verifyElementPresent(findTestObject("Website/Homepage/Object - Buy Items/Verify Object Product 2"), 0): Object 'Object Repository/Website/Homepage/Object - Buy Items/Verify Object Product 2' is present

2022-11-05 19:37:47 - [MESSAGE][WARNING] - Timeout '0' is invalid. Using default page load timeout: '30'

2022-11-05 19:37:47 - [MESSAGE][PASSED] - Object 'Object Repository/Website/Homepage/Object - Buy Items/Verify Object Product 2' is present

2022-11-05 19:37:47 - [MESSAGE][PASSED] - Call Test Case 'Test Cases/Website/Homepage/TC006_Buy Items' successfully

2022-11-05 19:37:47 - [TEST_STEP][PASSED] - click(findTestObject("Website/Shopping Cart/Object - Add Items/Button Add item")): Object: 'Object Repository/Website/Shopping Cart/Object - Add Items/Button Add item' is clicked on

2022-11-05 19:37:48 - [MESSAGE][PASSED] - Object: 'Object Repository/Website/Shopping Cart/Object - Add Items/Button Add item' is clicked on

2022-11-05 19:37:48 - [TEST_STEP][PASSED] - verifyElementPresent(findTestObject("Website/Shopping Cart/Object - Add Items/Verify Item added"), 0): Object 'Object Repository/Website/Shopping Cart/Object - Add Items/Verify Item added' is present

2022-11-05 19:37:48 - [MESSAGE][WARNING] - Timeout '0' is invalid. Using default page load timeout: '30'

2022-11-05 19:37:48 - [MESSAGE][PASSED] - Object 'Object Repository/Website/Shopping Cart/Object - Add Items/Verify Item added' is present]]></system-out>
         <system-err><![CDATA[]]></system-err>
      </testcase>
      <testcase name="Test Cases/Website/Shopping Cart/TC009_Pay Items" time="22.49" classname="Test Cases/Website/Shopping Cart/TC009_Pay Items" status="PASSED">
         <system-out><![CDATA[2022-11-05 19:37:48 - [TEST_CASE][PASSED] - Test Cases/Website/Shopping Cart/TC009_Pay Items: Test Cases/Website/Shopping Cart/TC009_Pay Items

2022-11-05 19:37:49 - [TEST_STEP][PASSED] - callTestCase(findTestCase("Website/Homepage/TC006_Buy Items"), [:], STOP_ON_FAILURE): Call Test Case 'Test Cases/Website/Homepage/TC006_Buy Items' successfully

2022-11-05 19:37:49 - [TEST_CASE][PASSED] - Test Cases/Website/Homepage/TC006_Buy Items: Test Cases/Website/Homepage/TC006_Buy Items

2022-11-05 19:37:49 - [TEST_STEP][PASSED] - callTestCase(findTestCase("Website/Auth/TC002_Login Account"), [:], STOP_ON_FAILURE): Call Test Case 'Test Cases/Website/Auth/TC002_Login Account' successfully

2022-11-05 19:37:49 - [TEST_CASE][PASSED] - Test Cases/Website/Auth/TC002_Login Account: Test Cases/Website/Auth/TC002_Login Account

2022-11-05 19:37:49 - [TEST_STEP][PASSED] - openBrowser(""): Browser is opened with url: ''

2022-11-05 19:37:49 - [MESSAGE][WARNING] - A browser is already opened. Closing browser and opening a new one

2022-11-05 19:37:49 - [MESSAGE][INFO] - Starting 'Chrome' driver

2022-11-05 19:37:49 - [MESSAGE][INFO] - Action delay is set to 0 milliseconds

2022-11-05 19:37:51 - [MESSAGE][PASSED] - Browser is opened with url: ''

2022-11-05 19:37:51 - [TEST_STEP][PASSED] - navigateToUrl("https://alta-shop.vercel.app/"): Navigate to 'https://alta-shop.vercel.app/' successfully

2022-11-05 19:37:52 - [MESSAGE][PASSED] - Navigate to 'https://alta-shop.vercel.app/' successfully

2022-11-05 19:37:52 - [TEST_STEP][PASSED] - click(findTestObject("Object Repository/Website/Auth/Object - Login Account/i_AltaShop_v-icon notranslate fas fa-sign-i_3d16a9")): Object: 'Object Repository/Website/Auth/Object - Login Account/i_AltaShop_v-icon notranslate fas fa-sign-i_3d16a9' is clicked on

2022-11-05 19:37:56 - [MESSAGE][PASSED] - Object: 'Object Repository/Website/Auth/Object - Login Account/i_AltaShop_v-icon notranslate fas fa-sign-i_3d16a9' is clicked on

2022-11-05 19:37:56 - [TEST_STEP][PASSED] - setText(findTestObject("Object Repository/Website/Auth/Object - Login Account/input_Email_input-1487"), "test5@email.com"): Text 'test5@email.com' is set on object 'Object Repository/Website/Auth/Object - Login Account/input_Email_input-1487'

2022-11-05 19:37:57 - [MESSAGE][PASSED] - Text 'test5@email.com' is set on object 'Object Repository/Website/Auth/Object - Login Account/input_Email_input-1487'

2022-11-05 19:37:57 - [TEST_STEP][PASSED] - setText(findTestObject("Object Repository/Website/Auth/Object - Login Account/input_Password_input-1490"), "1234567890"): Text '1234567890' is set on object 'Object Repository/Website/Auth/Object - Login Account/input_Password_input-1490'

2022-11-05 19:37:58 - [MESSAGE][PASSED] - Text '1234567890' is set on object 'Object Repository/Website/Auth/Object - Login Account/input_Password_input-1490'

2022-11-05 19:37:58 - [TEST_STEP][PASSED] - click(findTestObject("Object Repository/Website/Auth/Object - Login Account/span_Login")): Object: 'Object Repository/Website/Auth/Object - Login Account/span_Login' is clicked on

2022-11-05 19:37:58 - [MESSAGE][PASSED] - Object: 'Object Repository/Website/Auth/Object - Login Account/span_Login' is clicked on

2022-11-05 19:37:58 - [MESSAGE][PASSED] - Call Test Case 'Test Cases/Website/Auth/TC002_Login Account' successfully

2022-11-05 19:37:58 - [TEST_STEP][PASSED] - click(findTestObject("Website/Homepage/Object - Buy Items/Button Beli 1")): Object: 'Object Repository/Website/Homepage/Object - Buy Items/Button Beli 1' is clicked on

2022-11-05 19:38:03 - [MESSAGE][PASSED] - Object: 'Object Repository/Website/Homepage/Object - Buy Items/Button Beli 1' is clicked on

2022-11-05 19:38:03 - [TEST_STEP][PASSED] - click(findTestObject("Website/Homepage/Object - Buy Items/Button Beli 2")): Object: 'Object Repository/Website/Homepage/Object - Buy Items/Button Beli 2' is clicked on

2022-11-05 19:38:03 - [MESSAGE][PASSED] - Object: 'Object Repository/Website/Homepage/Object - Buy Items/Button Beli 2' is clicked on

2022-11-05 19:38:03 - [TEST_STEP][PASSED] - click(findTestObject("Website/Homepage/Object - Buy Items/Icon Cart")): Object: 'Object Repository/Website/Homepage/Object - Buy Items/Icon Cart' is clicked on

2022-11-05 19:38:04 - [MESSAGE][PASSED] - Object: 'Object Repository/Website/Homepage/Object - Buy Items/Icon Cart' is clicked on

2022-11-05 19:38:04 - [TEST_STEP][PASSED] - verifyElementPresent(findTestObject("Website/Homepage/Object - Buy Items/Verify Object product 1"), 0): Object 'Object Repository/Website/Homepage/Object - Buy Items/Verify Object product 1' is present

2022-11-05 19:38:04 - [MESSAGE][WARNING] - Timeout '0' is invalid. Using default page load timeout: '30'

2022-11-05 19:38:05 - [MESSAGE][PASSED] - Object 'Object Repository/Website/Homepage/Object - Buy Items/Verify Object product 1' is present

2022-11-05 19:38:05 - [TEST_STEP][PASSED] - verifyElementPresent(findTestObject("Website/Homepage/Object - Buy Items/Verify Object Product 2"), 0): Object 'Object Repository/Website/Homepage/Object - Buy Items/Verify Object Product 2' is present

2022-11-05 19:38:05 - [MESSAGE][WARNING] - Timeout '0' is invalid. Using default page load timeout: '30'

2022-11-05 19:38:05 - [MESSAGE][PASSED] - Object 'Object Repository/Website/Homepage/Object - Buy Items/Verify Object Product 2' is present

2022-11-05 19:38:05 - [MESSAGE][PASSED] - Call Test Case 'Test Cases/Website/Homepage/TC006_Buy Items' successfully

2022-11-05 19:38:05 - [TEST_STEP][PASSED] - click(findTestObject("Website/Shopping Cart/Object - Pay Items/Button Bayar")): Object: 'Object Repository/Website/Shopping Cart/Object - Pay Items/Button Bayar' is clicked on

2022-11-05 19:38:05 - [MESSAGE][PASSED] - Object: 'Object Repository/Website/Shopping Cart/Object - Pay Items/Button Bayar' is clicked on

2022-11-05 19:38:05 - [TEST_STEP][PASSED] - verifyElementPresent(findTestObject("Website/Shopping Cart/Object - Pay Items/Verify Object Items"), 0): Object 'Object Repository/Website/Shopping Cart/Object - Pay Items/Verify Object Items' is present

2022-11-05 19:38:05 - [MESSAGE][WARNING] - Timeout '0' is invalid. Using default page load timeout: '30'

2022-11-05 19:38:11 - [MESSAGE][PASSED] - Object 'Object Repository/Website/Shopping Cart/Object - Pay Items/Verify Object Items' is present]]></system-out>
         <system-err><![CDATA[]]></system-err>
      </testcase>
      <system-out><![CDATA[2022-11-05 19:33:41 - [TEST_SUITE][FAILED] - Regression Test Website: Test Cases/Website/Auth/TC001_Create Account FAILED.
Reason:
com.kms.katalon.core.exception.StepFailedException: Unable to set text 'Test Delapan' of object 'Object Repository/Website/Auth/Object - Create Account/input_Nama Lengkap_input-1483'
	at com.kms.katalon.core.webui.keyword.internal.WebUIKeywordMain.stepFailed(WebUIKeywordMain.groovy:64)
	at com.kms.katalon.core.webui.keyword.internal.WebUIKeywordMain.runKeyword(WebUIKeywordMain.groovy:26)
	at com.kms.katalon.core.webui.keyword.builtin.SetTextKeyword.setText(SetTextKeyword.groovy:66)
	at com.kms.katalon.core.webui.keyword.builtin.SetTextKeyword.execute(SetTextKeyword.groovy:37)
	at com.kms.katalon.core.keyword.internal.KeywordExecutor.executeKeywordForPlatform(KeywordExecutor.groovy:74)
	at com.kms.katalon.core.webui.keyword.WebUiBuiltInKeywords.setText(WebUiBuiltInKeywords.groovy:980)
	at com.kms.katalon.core.webui.keyword.WebUiBuiltInKeywords$setText$2.call(Unknown Source)
	at TC001_Create Account.run(TC001_Create Account:28)
	at com.kms.katalon.core.main.ScriptEngine.run(ScriptEngine.java:194)
	at com.kms.katalon.core.main.ScriptEngine.runScriptAsRawText(ScriptEngine.java:119)
	at com.kms.katalon.core.main.TestCaseExecutor.runScript(TestCaseExecutor.java:445)
	at com.kms.katalon.core.main.TestCaseExecutor.doExecute(TestCaseExecutor.java:436)
	at com.kms.katalon.core.main.TestCaseExecutor.processExecutionPhase(TestCaseExecutor.java:415)
	at com.kms.katalon.core.main.TestCaseExecutor.accessMainPhase(TestCaseExecutor.java:407)
	at com.kms.katalon.core.main.TestCaseExecutor.execute(TestCaseExecutor.java:284)
	at com.kms.katalon.core.common.CommonExecutor.accessTestCaseMainPhase(CommonExecutor.java:65)
	at com.kms.katalon.core.main.TestSuiteExecutor.accessTestSuiteMainPhase(TestSuiteExecutor.java:144)
	at com.kms.katalon.core.main.TestSuiteExecutor.execute(TestSuiteExecutor.java:106)
	at com.kms.katalon.core.main.TestCaseMain.startTestSuite(TestCaseMain.java:185)
	at com.kms.katalon.core.main.TestCaseMain$startTestSuite$0.call(Unknown Source)
	at TempTestSuite1667648012325.run(TempTestSuite1667648012325.groovy:36)
Caused by: com.kms.katalon.core.webui.exception.WebElementNotFoundException: Web element with id: 'Object Repository/Website/Auth/Object - Create Account/input_Nama Lengkap_input-1483' located by '//input[@id='input-1483']' not found
	at com.kms.katalon.core.webui.common.WebUiCommonHelper.findWebElement(WebUiCommonHelper.java:1370)
	at com.kms.katalon.core.webui.keyword.internal.WebUIAbstractKeyword.findWebElement(WebUIAbstractKeyword.groovy:27)
	at com.kms.katalon.core.webui.keyword.internal.WebUIAbstractKeyword.findWebElement(WebUIAbstractKeyword.groovy:26)
	at com.kms.katalon.core.webui.keyword.builtin.SetTextKeyword$_setText_closure1.doCall(SetTextKeyword.groovy:51)
	at com.kms.katalon.core.webui.keyword.builtin.SetTextKeyword$_setText_closure1.call(SetTextKeyword.groovy)
	at com.kms.katalon.core.webui.keyword.internal.WebUIKeywordMain.runKeyword(WebUIKeywordMain.groovy:20)
	... 19 more]]></system-out>
      <system-err><![CDATA[2022-11-05 19:33:41 - [TEST_SUITE][FAILED] - Regression Test Website: Test Cases/Website/Auth/TC001_Create Account FAILED.
Reason:
com.kms.katalon.core.exception.StepFailedException: Unable to set text 'Test Delapan' of object 'Object Repository/Website/Auth/Object - Create Account/input_Nama Lengkap_input-1483'
	at com.kms.katalon.core.webui.keyword.internal.WebUIKeywordMain.stepFailed(WebUIKeywordMain.groovy:64)
	at com.kms.katalon.core.webui.keyword.internal.WebUIKeywordMain.runKeyword(WebUIKeywordMain.groovy:26)
	at com.kms.katalon.core.webui.keyword.builtin.SetTextKeyword.setText(SetTextKeyword.groovy:66)
	at com.kms.katalon.core.webui.keyword.builtin.SetTextKeyword.execute(SetTextKeyword.groovy:37)
	at com.kms.katalon.core.keyword.internal.KeywordExecutor.executeKeywordForPlatform(KeywordExecutor.groovy:74)
	at com.kms.katalon.core.webui.keyword.WebUiBuiltInKeywords.setText(WebUiBuiltInKeywords.groovy:980)
	at com.kms.katalon.core.webui.keyword.WebUiBuiltInKeywords$setText$2.call(Unknown Source)
	at TC001_Create Account.run(TC001_Create Account:28)
	at com.kms.katalon.core.main.ScriptEngine.run(ScriptEngine.java:194)
	at com.kms.katalon.core.main.ScriptEngine.runScriptAsRawText(ScriptEngine.java:119)
	at com.kms.katalon.core.main.TestCaseExecutor.runScript(TestCaseExecutor.java:445)
	at com.kms.katalon.core.main.TestCaseExecutor.doExecute(TestCaseExecutor.java:436)
	at com.kms.katalon.core.main.TestCaseExecutor.processExecutionPhase(TestCaseExecutor.java:415)
	at com.kms.katalon.core.main.TestCaseExecutor.accessMainPhase(TestCaseExecutor.java:407)
	at com.kms.katalon.core.main.TestCaseExecutor.execute(TestCaseExecutor.java:284)
	at com.kms.katalon.core.common.CommonExecutor.accessTestCaseMainPhase(CommonExecutor.java:65)
	at com.kms.katalon.core.main.TestSuiteExecutor.accessTestSuiteMainPhase(TestSuiteExecutor.java:144)
	at com.kms.katalon.core.main.TestSuiteExecutor.execute(TestSuiteExecutor.java:106)
	at com.kms.katalon.core.main.TestCaseMain.startTestSuite(TestCaseMain.java:185)
	at com.kms.katalon.core.main.TestCaseMain$startTestSuite$0.call(Unknown Source)
	at TempTestSuite1667648012325.run(TempTestSuite1667648012325.groovy:36)
Caused by: com.kms.katalon.core.webui.exception.WebElementNotFoundException: Web element with id: 'Object Repository/Website/Auth/Object - Create Account/input_Nama Lengkap_input-1483' located by '//input[@id='input-1483']' not found
	at com.kms.katalon.core.webui.common.WebUiCommonHelper.findWebElement(WebUiCommonHelper.java:1370)
	at com.kms.katalon.core.webui.keyword.internal.WebUIAbstractKeyword.findWebElement(WebUIAbstractKeyword.groovy:27)
	at com.kms.katalon.core.webui.keyword.internal.WebUIAbstractKeyword.findWebElement(WebUIAbstractKeyword.groovy:26)
	at com.kms.katalon.core.webui.keyword.builtin.SetTextKeyword$_setText_closure1.doCall(SetTextKeyword.groovy:51)
	at com.kms.katalon.core.webui.keyword.builtin.SetTextKeyword$_setText_closure1.call(SetTextKeyword.groovy)
	at com.kms.katalon.core.webui.keyword.internal.WebUIKeywordMain.runKeyword(WebUIKeywordMain.groovy:20)
	... 19 more]]></system-err>
   </testsuite>
</testsuites>
